[1.140s] Invoking command in '/home/diego/ros2_ws/build/modelrobot_pkg_g07': PYTHONPATH=/home/diego/ros2_ws/build/modelrobot_pkg_g07/prefix_override:/home/diego/ros2_ws/install/modelrobot_pkg_g07/lib/python3.10/site-packages:${PYTHONPATH} /usr/bin/python3 setup.py develop --editable --build-directory /home/diego/ros2_ws/build/modelrobot_pkg_g07/build --no-deps install_data
[1.495s] running develop
[1.495s] /usr/lib/python3/dist-packages/setuptools/command/easy_install.py:158: EasyInstallDeprecationWarning: easy_install command is deprecated. Use build and pip and other standards-based tools.
[1.495s]   warnings.warn(
[1.497s] /usr/lib/python3/dist-packages/setuptools/command/install.py:34: SetuptoolsDeprecationWarning: setup.py install is deprecated. Use build and pip and other standards-based tools.
[1.497s]   warnings.warn(
[1.719s] running egg_info
[1.719s] writing modelrobot_pkg_g07.egg-info/PKG-INFO
[1.719s] writing dependency_links to modelrobot_pkg_g07.egg-info/dependency_links.txt
[1.719s] writing entry points to modelrobot_pkg_g07.egg-info/entry_points.txt
[1.719s] writing requirements to modelrobot_pkg_g07.egg-info/requires.txt
[1.719s] writing top-level names to modelrobot_pkg_g07.egg-info/top_level.txt
[1.722s] reading manifest file 'modelrobot_pkg_g07.egg-info/SOURCES.txt'
[1.722s] writing manifest file 'modelrobot_pkg_g07.egg-info/SOURCES.txt'
[1.726s] running build_ext
[1.726s] Creating /home/diego/ros2_ws/install/modelrobot_pkg_g07/lib/python3.10/site-packages/modelrobot-pkg-g07.egg-link (link to .)
[1.727s] 
[1.727s] Installed /home/diego/ros2_ws/build/modelrobot_pkg_g07
[1.727s] running install_data
[1.727s] copying package.xml -> /home/diego/ros2_ws/install/modelrobot_pkg_g07/share/modelrobot_pkg_g07
[1.727s] copying launch/robot_launch_g07.launch.py -> /home/diego/ros2_ws/install/modelrobot_pkg_g07/share/modelrobot_pkg_g07/launch
[1.777s] Invoked command in '/home/diego/ros2_ws/build/modelrobot_pkg_g07' returned '0': PYTHONPATH=/home/diego/ros2_ws/build/modelrobot_pkg_g07/prefix_override:/home/diego/ros2_ws/install/modelrobot_pkg_g07/lib/python3.10/site-packages:${PYTHONPATH} /usr/bin/python3 setup.py develop --editable --build-directory /home/diego/ros2_ws/build/modelrobot_pkg_g07/build --no-deps install_data
