[0.630s] DEBUG:colcon:Command line arguments: ['/usr/bin/colcon', 'build', '--symlink-install']
[0.630s] DEBUG:colcon:Parsed command line arguments: Namespace(log_base=None, log_level=None, verb_name='build', build_base='build', install_base='install', merge_install=False, symlink_install=True, test_result_base=None, continue_on_error=False, executor='parallel', parallel_workers=6, event_handlers=None, ignore_user_meta=False, metas=['./colcon.meta'], base_paths=['.'], packages_ignore=None, packages_ignore_regex=None, paths=None, packages_up_to=None, packages_up_to_regex=None, packages_above=None, packages_above_and_dependencies=None, packages_above_depth=None, packages_select_by_dep=None, packages_skip_by_dep=None, packages_skip_up_to=None, packages_select_build_failed=False, packages_skip_build_finished=False, packages_select_test_failures=False, packages_skip_test_passed=False, packages_select=None, packages_skip=None, packages_select_regex=None, packages_skip_regex=None, packages_start=None, packages_end=None, allow_overriding=[], cmake_args=None, cmake_target=None, cmake_target_skip_unavailable=False, cmake_clean_cache=False, cmake_clean_first=False, cmake_force_configure=False, ament_cmake_args=None, catkin_cmake_args=None, catkin_skip_building_tests=False, verb_parser=<colcon_defaults.argument_parser.defaults.DefaultArgumentsDecorator object at 0x7fdd274a3ca0>, verb_extension=<colcon_core.verb.build.BuildVerb object at 0x7fdd27d395a0>, main=<bound method BuildVerb.main of <colcon_core.verb.build.BuildVerb object at 0x7fdd27d395a0>>)
[0.678s] Level 1:colcon.colcon_core.package_discovery:discover_packages(colcon_meta) check parameters
[0.678s] Level 1:colcon.colcon_core.package_discovery:discover_packages(recursive) check parameters
[0.679s] Level 1:colcon.colcon_core.package_discovery:discover_packages(ignore) check parameters
[0.679s] Level 1:colcon.colcon_core.package_discovery:discover_packages(path) check parameters
[0.679s] Level 1:colcon.colcon_core.package_discovery:discover_packages(colcon_meta) discover
[0.679s] Level 1:colcon.colcon_core.package_discovery:discover_packages(recursive) discover
[0.679s] INFO:colcon.colcon_core.package_discovery:Crawling recursively for packages in '/home/diego/ros2_ws'
[0.679s] Level 1:colcon.colcon_core.package_identification:_identify(.) by extensions ['ignore', 'ignore_ament_install']
[0.679s] Level 1:colcon.colcon_core.package_identification:_identify(.) by extension 'ignore'
[0.680s] Level 1:colcon.colcon_core.package_identification:_identify(.) by extension 'ignore_ament_install'
[0.680s] Level 1:colcon.colcon_core.package_identification:_identify(.) by extensions ['colcon_pkg']
[0.680s] Level 1:colcon.colcon_core.package_identification:_identify(.) by extension 'colcon_pkg'
[0.680s] Level 1:colcon.colcon_core.package_identification:_identify(.) by extensions ['colcon_meta']
[0.680s] Level 1:colcon.colcon_core.package_identification:_identify(.) by extension 'colcon_meta'
[0.680s] Level 1:colcon.colcon_core.package_identification:_identify(.) by extensions ['ros']
[0.680s] Level 1:colcon.colcon_core.package_identification:_identify(.) by extension 'ros'
[0.696s] Level 1:colcon.colcon_core.package_identification:_identify(.) by extensions ['cmake', 'python']
[0.696s] Level 1:colcon.colcon_core.package_identification:_identify(.) by extension 'cmake'
[0.696s] Level 1:colcon.colcon_core.package_identification:_identify(.) by extension 'python'
[0.696s] Level 1:colcon.colcon_core.package_identification:_identify(.) by extensions ['python_setup_py']
[0.696s] Level 1:colcon.colcon_core.package_identification:_identify(.) by extension 'python_setup_py'
[0.697s] Level 1:colcon.colcon_core.package_identification:_identify(build) by extensions ['ignore', 'ignore_ament_install']
[0.697s] Level 1:colcon.colcon_core.package_identification:_identify(build) by extension 'ignore'
[0.697s] Level 1:colcon.colcon_core.package_identification:_identify(build) ignored
[0.697s] Level 1:colcon.colcon_core.package_identification:_identify(install) by extensions ['ignore', 'ignore_ament_install']
[0.698s] Level 1:colcon.colcon_core.package_identification:_identify(install) by extension 'ignore'
[0.698s] Level 1:colcon.colcon_core.package_identification:_identify(install) ignored
[0.698s] Level 1:colcon.colcon_core.package_identification:_identify(log) by extensions ['ignore', 'ignore_ament_install']
[0.698s] Level 1:colcon.colcon_core.package_identification:_identify(log) by extension 'ignore'
[0.698s] Level 1:colcon.colcon_core.package_identification:_identify(log) ignored
[0.699s] Level 1:colcon.colcon_core.package_identification:_identify(src) by extensions ['ignore', 'ignore_ament_install']
[0.699s] Level 1:colcon.colcon_core.package_identification:_identify(src) by extension 'ignore'
[0.699s] Level 1:colcon.colcon_core.package_identification:_identify(src) by extension 'ignore_ament_install'
[0.699s] Level 1:colcon.colcon_core.package_identification:_identify(src) by extensions ['colcon_pkg']
[0.699s] Level 1:colcon.colcon_core.package_identification:_identify(src) by extension 'colcon_pkg'
[0.699s] Level 1:colcon.colcon_core.package_identification:_identify(src) by extensions ['colcon_meta']
[0.699s] Level 1:colcon.colcon_core.package_identification:_identify(src) by extension 'colcon_meta'
[0.699s] Level 1:colcon.colcon_core.package_identification:_identify(src) by extensions ['ros']
[0.699s] Level 1:colcon.colcon_core.package_identification:_identify(src) by extension 'ros'
[0.699s] Level 1:colcon.colcon_core.package_identification:_identify(src) by extensions ['cmake', 'python']
[0.700s] Level 1:colcon.colcon_core.package_identification:_identify(src) by extension 'cmake'
[0.700s] Level 1:colcon.colcon_core.package_identification:_identify(src) by extension 'python'
[0.700s] Level 1:colcon.colcon_core.package_identification:_identify(src) by extensions ['python_setup_py']
[0.700s] Level 1:colcon.colcon_core.package_identification:_identify(src) by extension 'python_setup_py'
[0.700s] Level 1:colcon.colcon_core.package_identification:_identify(src/launch_pkg_g07) by extensions ['ignore', 'ignore_ament_install']
[0.700s] Level 1:colcon.colcon_core.package_identification:_identify(src/launch_pkg_g07) by extension 'ignore'
[0.700s] Level 1:colcon.colcon_core.package_identification:_identify(src/launch_pkg_g07) by extension 'ignore_ament_install'
[0.701s] Level 1:colcon.colcon_core.package_identification:_identify(src/launch_pkg_g07) by extensions ['colcon_pkg']
[0.701s] Level 1:colcon.colcon_core.package_identification:_identify(src/launch_pkg_g07) by extension 'colcon_pkg'
[0.701s] Level 1:colcon.colcon_core.package_identification:_identify(src/launch_pkg_g07) by extensions ['colcon_meta']
[0.701s] Level 1:colcon.colcon_core.package_identification:_identify(src/launch_pkg_g07) by extension 'colcon_meta'
[0.701s] Level 1:colcon.colcon_core.package_identification:_identify(src/launch_pkg_g07) by extensions ['ros']
[0.701s] Level 1:colcon.colcon_core.package_identification:_identify(src/launch_pkg_g07) by extension 'ros'
[0.704s] DEBUG:colcon.colcon_core.package_identification:Package 'src/launch_pkg_g07' with type 'ros.ament_python' and name 'launch_pkg_g07'
[0.704s] Level 1:colcon.colcon_core.package_identification:_identify(src/modelrobot_pkg_g07) by extensions ['ignore', 'ignore_ament_install']
[0.704s] Level 1:colcon.colcon_core.package_identification:_identify(src/modelrobot_pkg_g07) by extension 'ignore'
[0.704s] Level 1:colcon.colcon_core.package_identification:_identify(src/modelrobot_pkg_g07) by extension 'ignore_ament_install'
[0.705s] Level 1:colcon.colcon_core.package_identification:_identify(src/modelrobot_pkg_g07) by extensions ['colcon_pkg']
[0.705s] Level 1:colcon.colcon_core.package_identification:_identify(src/modelrobot_pkg_g07) by extension 'colcon_pkg'
[0.706s] Level 1:colcon.colcon_core.package_identification:_identify(src/modelrobot_pkg_g07) by extensions ['colcon_meta']
[0.706s] Level 1:colcon.colcon_core.package_identification:_identify(src/modelrobot_pkg_g07) by extension 'colcon_meta'
[0.706s] Level 1:colcon.colcon_core.package_identification:_identify(src/modelrobot_pkg_g07) by extensions ['ros']
[0.706s] Level 1:colcon.colcon_core.package_identification:_identify(src/modelrobot_pkg_g07) by extension 'ros'
[0.707s] DEBUG:colcon.colcon_core.package_identification:Package 'src/modelrobot_pkg_g07' with type 'ros.ament_python' and name 'modelrobot_pkg_g07'
[0.707s] Level 1:colcon.colcon_core.package_discovery:discover_packages(recursive) using defaults
[0.708s] Level 1:colcon.colcon_core.package_discovery:discover_packages(ignore) discover
[0.708s] Level 1:colcon.colcon_core.package_discovery:discover_packages(ignore) using defaults
[0.708s] Level 1:colcon.colcon_core.package_discovery:discover_packages(path) discover
[0.708s] Level 1:colcon.colcon_core.package_discovery:discover_packages(path) using defaults
[0.737s] Level 1:colcon.colcon_core.package_discovery:discover_packages(prefix_path) check parameters
[0.737s] Level 1:colcon.colcon_core.package_discovery:discover_packages(prefix_path) discover
[0.740s] DEBUG:colcon.colcon_installed_package_information.package_discovery:Found 2 installed packages in /home/diego/ros2_ws/install
[0.743s] DEBUG:colcon.colcon_installed_package_information.package_discovery:Found 280 installed packages in /opt/ros/humble
[0.745s] Level 1:colcon.colcon_core.package_discovery:discover_packages(prefix_path) using defaults
[0.859s] Level 5:colcon.colcon_core.verb:set package 'launch_pkg_g07' build argument 'cmake_args' from command line to 'None'
[0.859s] Level 5:colcon.colcon_core.verb:set package 'launch_pkg_g07' build argument 'cmake_target' from command line to 'None'
[0.859s] Level 5:colcon.colcon_core.verb:set package 'launch_pkg_g07' build argument 'cmake_target_skip_unavailable' from command line to 'False'
[0.859s] Level 5:colcon.colcon_core.verb:set package 'launch_pkg_g07' build argument 'cmake_clean_cache' from command line to 'False'
[0.859s] Level 5:colcon.colcon_core.verb:set package 'launch_pkg_g07' build argument 'cmake_clean_first' from command line to 'False'
[0.859s] Level 5:colcon.colcon_core.verb:set package 'launch_pkg_g07' build argument 'cmake_force_configure' from command line to 'False'
[0.859s] Level 5:colcon.colcon_core.verb:set package 'launch_pkg_g07' build argument 'ament_cmake_args' from command line to 'None'
[0.859s] Level 5:colcon.colcon_core.verb:set package 'launch_pkg_g07' build argument 'catkin_cmake_args' from command line to 'None'
[0.860s] Level 5:colcon.colcon_core.verb:set package 'launch_pkg_g07' build argument 'catkin_skip_building_tests' from command line to 'False'
[0.860s] DEBUG:colcon.colcon_core.verb:Building package 'launch_pkg_g07' with the following arguments: {'ament_cmake_args': None, 'build_base': '/home/diego/ros2_ws/build/launch_pkg_g07', 'catkin_cmake_args': None, 'catkin_skip_building_tests': False, 'cmake_args': None, 'cmake_clean_cache': False, 'cmake_clean_first': False, 'cmake_force_configure': False, 'cmake_target': None, 'cmake_target_skip_unavailable': False, 'install_base': '/home/diego/ros2_ws/install/launch_pkg_g07', 'merge_install': False, 'path': '/home/diego/ros2_ws/src/launch_pkg_g07', 'symlink_install': True, 'test_result_base': None}
[0.861s] Level 5:colcon.colcon_core.verb:set package 'modelrobot_pkg_g07' build argument 'cmake_args' from command line to 'None'
[0.861s] Level 5:colcon.colcon_core.verb:set package 'modelrobot_pkg_g07' build argument 'cmake_target' from command line to 'None'
[0.861s] Level 5:colcon.colcon_core.verb:set package 'modelrobot_pkg_g07' build argument 'cmake_target_skip_unavailable' from command line to 'False'
[0.861s] Level 5:colcon.colcon_core.verb:set package 'modelrobot_pkg_g07' build argument 'cmake_clean_cache' from command line to 'False'
[0.861s] Level 5:colcon.colcon_core.verb:set package 'modelrobot_pkg_g07' build argument 'cmake_clean_first' from command line to 'False'
[0.861s] Level 5:colcon.colcon_core.verb:set package 'modelrobot_pkg_g07' build argument 'cmake_force_configure' from command line to 'False'
[0.861s] Level 5:colcon.colcon_core.verb:set package 'modelrobot_pkg_g07' build argument 'ament_cmake_args' from command line to 'None'
[0.861s] Level 5:colcon.colcon_core.verb:set package 'modelrobot_pkg_g07' build argument 'catkin_cmake_args' from command line to 'None'
[0.862s] Level 5:colcon.colcon_core.verb:set package 'modelrobot_pkg_g07' build argument 'catkin_skip_building_tests' from command line to 'False'
[0.862s] DEBUG:colcon.colcon_core.verb:Building package 'modelrobot_pkg_g07' with the following arguments: {'ament_cmake_args': None, 'build_base': '/home/diego/ros2_ws/build/modelrobot_pkg_g07', 'catkin_cmake_args': None, 'catkin_skip_building_tests': False, 'cmake_args': None, 'cmake_clean_cache': False, 'cmake_clean_first': False, 'cmake_force_configure': False, 'cmake_target': None, 'cmake_target_skip_unavailable': False, 'install_base': '/home/diego/ros2_ws/install/modelrobot_pkg_g07', 'merge_install': False, 'path': '/home/diego/ros2_ws/src/modelrobot_pkg_g07', 'symlink_install': True, 'test_result_base': None}
[0.863s] INFO:colcon.colcon_core.executor:Executing jobs using 'parallel' executor
[0.874s] DEBUG:colcon.colcon_parallel_executor.executor.parallel:run_until_complete
[0.875s] INFO:colcon.colcon_ros.task.ament_python.build:Building ROS package in '/home/diego/ros2_ws/src/launch_pkg_g07' with build type 'ament_python'
[0.875s] Level 1:colcon.colcon_core.shell:create_environment_hook('launch_pkg_g07', 'ament_prefix_path')
[0.885s] INFO:colcon.colcon_core.plugin_system:Skipping extension 'colcon_core.shell.bat': Not used on non-Windows systems
[0.886s] INFO:colcon.colcon_core.shell:Creating environment hook '/home/diego/ros2_ws/install/launch_pkg_g07/share/launch_pkg_g07/hook/ament_prefix_path.ps1'
[0.887s] INFO:colcon.colcon_core.shell:Creating environment descriptor '/home/diego/ros2_ws/install/launch_pkg_g07/share/launch_pkg_g07/hook/ament_prefix_path.dsv'
[0.888s] INFO:colcon.colcon_core.shell:Creating environment hook '/home/diego/ros2_ws/install/launch_pkg_g07/share/launch_pkg_g07/hook/ament_prefix_path.sh'
[0.892s] INFO:colcon.colcon_core.shell:Skip shell extension 'powershell' for command environment: Not usable outside of PowerShell
[0.892s] DEBUG:colcon.colcon_core.shell:Skip shell extension 'dsv' for command environment
[0.901s] INFO:colcon.colcon_ros.task.ament_python.build:Building ROS package in '/home/diego/ros2_ws/src/modelrobot_pkg_g07' with build type 'ament_python'
[0.903s] Level 1:colcon.colcon_core.shell:create_environment_hook('modelrobot_pkg_g07', 'ament_prefix_path')
[0.905s] INFO:colcon.colcon_core.shell:Creating environment hook '/home/diego/ros2_ws/install/modelrobot_pkg_g07/share/modelrobot_pkg_g07/hook/ament_prefix_path.ps1'
[0.906s] INFO:colcon.colcon_core.shell:Creating environment descriptor '/home/diego/ros2_ws/install/modelrobot_pkg_g07/share/modelrobot_pkg_g07/hook/ament_prefix_path.dsv'
[0.907s] INFO:colcon.colcon_core.shell:Creating environment hook '/home/diego/ros2_ws/install/modelrobot_pkg_g07/share/modelrobot_pkg_g07/hook/ament_prefix_path.sh'
[0.909s] INFO:colcon.colcon_core.shell:Skip shell extension 'powershell' for command environment: Not usable outside of PowerShell
[0.910s] DEBUG:colcon.colcon_core.shell:Skip shell extension 'dsv' for command environment
[1.361s] INFO:colcon.colcon_core.task.python.build:Building Python package in '/home/diego/ros2_ws/src/launch_pkg_g07'
[1.388s] INFO:colcon.colcon_core.shell:Skip shell extension 'powershell' for command environment: Not usable outside of PowerShell
[1.397s] DEBUG:colcon.colcon_core.shell:Skip shell extension 'dsv' for command environment
[2.328s] INFO:colcon.colcon_core.task.python.build:Building Python package in '/home/diego/ros2_ws/src/modelrobot_pkg_g07'
[2.334s] INFO:colcon.colcon_core.shell:Skip shell extension 'powershell' for command environment: Not usable outside of PowerShell
[2.334s] DEBUG:colcon.colcon_core.shell:Skip shell extension 'dsv' for command environment
[3.643s] DEBUG:colcon.colcon_core.event_handler.log_command:Invoking command in '/home/diego/ros2_ws/build/launch_pkg_g07': PYTHONPATH=/home/diego/ros2_ws/build/launch_pkg_g07/prefix_override:/home/diego/ros2_ws/install/launch_pkg_g07/lib/python3.10/site-packages:${PYTHONPATH} /usr/bin/python3 setup.py develop --editable --build-directory /home/diego/ros2_ws/build/launch_pkg_g07/build --no-deps install_data
[3.657s] DEBUG:colcon.colcon_core.event_handler.log_command:Invoking command in '/home/diego/ros2_ws/build/modelrobot_pkg_g07': PYTHONPATH=/home/diego/ros2_ws/build/modelrobot_pkg_g07/prefix_override:/home/diego/ros2_ws/install/modelrobot_pkg_g07/lib/python3.10/site-packages:${PYTHONPATH} /usr/bin/python3 setup.py develop --editable --build-directory /home/diego/ros2_ws/build/modelrobot_pkg_g07/build --no-deps install_data
[4.792s] Level 1:colcon.colcon_core.shell:create_environment_hook('launch_pkg_g07', 'pythonpath_develop')
[4.799s] INFO:colcon.colcon_core.shell:Creating environment hook '/home/diego/ros2_ws/build/launch_pkg_g07/share/launch_pkg_g07/hook/pythonpath_develop.ps1'
[4.800s] INFO:colcon.colcon_core.shell:Creating environment descriptor '/home/diego/ros2_ws/build/launch_pkg_g07/share/launch_pkg_g07/hook/pythonpath_develop.dsv'
[4.801s] INFO:colcon.colcon_core.shell:Creating environment hook '/home/diego/ros2_ws/build/launch_pkg_g07/share/launch_pkg_g07/hook/pythonpath_develop.sh'
[4.818s] DEBUG:colcon.colcon_core.event_handler.log_command:Invoked command in '/home/diego/ros2_ws/build/launch_pkg_g07' returned '0': PYTHONPATH=/home/diego/ros2_ws/build/launch_pkg_g07/prefix_override:/home/diego/ros2_ws/install/launch_pkg_g07/lib/python3.10/site-packages:${PYTHONPATH} /usr/bin/python3 setup.py develop --editable --build-directory /home/diego/ros2_ws/build/launch_pkg_g07/build --no-deps install_data
[4.841s] Level 1:colcon.colcon_core.environment:checking '/home/diego/ros2_ws/install/launch_pkg_g07' for CMake module files
[4.857s] Level 1:colcon.colcon_core.environment:checking '/home/diego/ros2_ws/install/launch_pkg_g07' for CMake config files
[4.887s] Level 1:colcon.colcon_core.environment:checking '/home/diego/ros2_ws/install/launch_pkg_g07/lib'
[4.887s] Level 1:colcon.colcon_core.environment:checking '/home/diego/ros2_ws/install/launch_pkg_g07/bin'
[4.887s] Level 1:colcon.colcon_core.environment:checking '/home/diego/ros2_ws/install/launch_pkg_g07/lib/pkgconfig/launch_pkg_g07.pc'
[4.888s] Level 1:colcon.colcon_core.environment:checking '/home/diego/ros2_ws/install/launch_pkg_g07/lib/python3.10/site-packages'
[4.888s] Level 1:colcon.colcon_core.shell:create_environment_hook('launch_pkg_g07', 'pythonpath')
[4.891s] INFO:colcon.colcon_core.shell:Creating environment hook '/home/diego/ros2_ws/install/launch_pkg_g07/share/launch_pkg_g07/hook/pythonpath.ps1'
[4.892s] INFO:colcon.colcon_core.shell:Creating environment descriptor '/home/diego/ros2_ws/install/launch_pkg_g07/share/launch_pkg_g07/hook/pythonpath.dsv'
[4.893s] INFO:colcon.colcon_core.shell:Creating environment hook '/home/diego/ros2_ws/install/launch_pkg_g07/share/launch_pkg_g07/hook/pythonpath.sh'
[4.895s] Level 1:colcon.colcon_core.environment:checking '/home/diego/ros2_ws/install/launch_pkg_g07/bin'
[4.895s] Level 1:colcon.colcon_core.environment:create_environment_scripts_only(launch_pkg_g07)
[4.897s] INFO:colcon.colcon_core.shell:Creating package script '/home/diego/ros2_ws/install/launch_pkg_g07/share/launch_pkg_g07/package.ps1'
[4.899s] INFO:colcon.colcon_core.shell:Creating package descriptor '/home/diego/ros2_ws/install/launch_pkg_g07/share/launch_pkg_g07/package.dsv'
[4.907s] INFO:colcon.colcon_core.shell:Creating package script '/home/diego/ros2_ws/install/launch_pkg_g07/share/launch_pkg_g07/package.sh'
[4.927s] INFO:colcon.colcon_core.shell:Creating package script '/home/diego/ros2_ws/install/launch_pkg_g07/share/launch_pkg_g07/package.bash'
[4.931s] INFO:colcon.colcon_core.shell:Creating package script '/home/diego/ros2_ws/install/launch_pkg_g07/share/launch_pkg_g07/package.zsh'
[4.939s] Level 1:colcon.colcon_core.environment:create_file_with_runtime_dependencies(/home/diego/ros2_ws/install/launch_pkg_g07/share/colcon-core/packages/launch_pkg_g07)
[5.104s] Level 1:colcon.colcon_core.shell:create_environment_hook('modelrobot_pkg_g07', 'pythonpath_develop')
[5.110s] INFO:colcon.colcon_core.shell:Creating environment hook '/home/diego/ros2_ws/build/modelrobot_pkg_g07/share/modelrobot_pkg_g07/hook/pythonpath_develop.ps1'
[5.132s] DEBUG:colcon.colcon_core.event_handler.log_command:Invoked command in '/home/diego/ros2_ws/build/modelrobot_pkg_g07' returned '0': PYTHONPATH=/home/diego/ros2_ws/build/modelrobot_pkg_g07/prefix_override:/home/diego/ros2_ws/install/modelrobot_pkg_g07/lib/python3.10/site-packages:${PYTHONPATH} /usr/bin/python3 setup.py develop --editable --build-directory /home/diego/ros2_ws/build/modelrobot_pkg_g07/build --no-deps install_data
[5.145s] INFO:colcon.colcon_core.shell:Creating environment descriptor '/home/diego/ros2_ws/build/modelrobot_pkg_g07/share/modelrobot_pkg_g07/hook/pythonpath_develop.dsv'
[5.170s] INFO:colcon.colcon_core.shell:Creating environment hook '/home/diego/ros2_ws/build/modelrobot_pkg_g07/share/modelrobot_pkg_g07/hook/pythonpath_develop.sh'
[5.176s] Level 1:colcon.colcon_core.environment:checking '/home/diego/ros2_ws/install/modelrobot_pkg_g07' for CMake module files
[5.177s] Level 1:colcon.colcon_core.environment:checking '/home/diego/ros2_ws/install/modelrobot_pkg_g07' for CMake config files
[5.178s] Level 1:colcon.colcon_core.environment:checking '/home/diego/ros2_ws/install/modelrobot_pkg_g07/lib'
[5.178s] Level 1:colcon.colcon_core.environment:checking '/home/diego/ros2_ws/install/modelrobot_pkg_g07/bin'
[5.178s] Level 1:colcon.colcon_core.environment:checking '/home/diego/ros2_ws/install/modelrobot_pkg_g07/lib/pkgconfig/modelrobot_pkg_g07.pc'
[5.178s] Level 1:colcon.colcon_core.environment:checking '/home/diego/ros2_ws/install/modelrobot_pkg_g07/lib/python3.10/site-packages'
[5.178s] Level 1:colcon.colcon_core.shell:create_environment_hook('modelrobot_pkg_g07', 'pythonpath')
[5.180s] INFO:colcon.colcon_core.shell:Creating environment hook '/home/diego/ros2_ws/install/modelrobot_pkg_g07/share/modelrobot_pkg_g07/hook/pythonpath.ps1'
[5.182s] INFO:colcon.colcon_core.shell:Creating environment descriptor '/home/diego/ros2_ws/install/modelrobot_pkg_g07/share/modelrobot_pkg_g07/hook/pythonpath.dsv'
[5.184s] INFO:colcon.colcon_core.shell:Creating environment hook '/home/diego/ros2_ws/install/modelrobot_pkg_g07/share/modelrobot_pkg_g07/hook/pythonpath.sh'
[5.187s] Level 1:colcon.colcon_core.environment:checking '/home/diego/ros2_ws/install/modelrobot_pkg_g07/bin'
[5.187s] Level 1:colcon.colcon_core.environment:create_environment_scripts_only(modelrobot_pkg_g07)
[5.190s] INFO:colcon.colcon_core.shell:Creating package script '/home/diego/ros2_ws/install/modelrobot_pkg_g07/share/modelrobot_pkg_g07/package.ps1'
[5.200s] INFO:colcon.colcon_core.shell:Creating package descriptor '/home/diego/ros2_ws/install/modelrobot_pkg_g07/share/modelrobot_pkg_g07/package.dsv'
[5.201s] INFO:colcon.colcon_core.shell:Creating package script '/home/diego/ros2_ws/install/modelrobot_pkg_g07/share/modelrobot_pkg_g07/package.sh'
[5.203s] INFO:colcon.colcon_core.shell:Creating package script '/home/diego/ros2_ws/install/modelrobot_pkg_g07/share/modelrobot_pkg_g07/package.bash'
[5.203s] INFO:colcon.colcon_core.shell:Creating package script '/home/diego/ros2_ws/install/modelrobot_pkg_g07/share/modelrobot_pkg_g07/package.zsh'
[5.204s] Level 1:colcon.colcon_core.environment:create_file_with_runtime_dependencies(/home/diego/ros2_ws/install/modelrobot_pkg_g07/share/colcon-core/packages/modelrobot_pkg_g07)
[5.206s] DEBUG:colcon.colcon_parallel_executor.executor.parallel:closing loop
[5.207s] DEBUG:colcon.colcon_parallel_executor.executor.parallel:loop closed
[5.213s] DEBUG:colcon.colcon_parallel_executor.executor.parallel:run_until_complete finished with '0'
[5.214s] DEBUG:colcon.colcon_core.event_reactor:joining thread
[5.225s] INFO:colcon.colcon_core.plugin_system:Skipping extension 'colcon_notification.desktop_notification.terminal_notifier': Not used on non-Darwin systems
[5.225s] INFO:colcon.colcon_core.plugin_system:Skipping extension 'colcon_notification.desktop_notification.win32': Not used on non-Windows systems
[5.225s] INFO:colcon.colcon_notification.desktop_notification:Sending desktop notification using 'notify2'
[5.343s] DEBUG:colcon.colcon_core.event_reactor:joined thread
[5.351s] INFO:colcon.colcon_core.shell:Creating prefix script '/home/diego/ros2_ws/install/local_setup.ps1'
[5.373s] INFO:colcon.colcon_core.shell:Creating prefix util module '/home/diego/ros2_ws/install/_local_setup_util_ps1.py'
[5.378s] INFO:colcon.colcon_core.shell:Creating prefix chain script '/home/diego/ros2_ws/install/setup.ps1'
[5.382s] INFO:colcon.colcon_core.shell:Creating prefix script '/home/diego/ros2_ws/install/local_setup.sh'
[5.397s] INFO:colcon.colcon_core.shell:Creating prefix util module '/home/diego/ros2_ws/install/_local_setup_util_sh.py'
[5.398s] INFO:colcon.colcon_core.shell:Creating prefix chain script '/home/diego/ros2_ws/install/setup.sh'
[5.403s] INFO:colcon.colcon_core.shell:Creating prefix script '/home/diego/ros2_ws/install/local_setup.bash'
[5.404s] INFO:colcon.colcon_core.shell:Creating prefix chain script '/home/diego/ros2_ws/install/setup.bash'
[5.407s] INFO:colcon.colcon_core.shell:Creating prefix script '/home/diego/ros2_ws/install/local_setup.zsh'
[5.409s] INFO:colcon.colcon_core.shell:Creating prefix chain script '/home/diego/ros2_ws/install/setup.zsh'
