[3.337s] Invoking command in '/home/diego/ros2_ws/build/launch_pkg_g07': PYTHONPATH=/home/diego/ros2_ws/build/launch_pkg_g07/prefix_override:/home/diego/ros2_ws/install/launch_pkg_g07/lib/python3.10/site-packages:${PYTHONPATH} /usr/bin/python3 setup.py develop --editable --build-directory /home/diego/ros2_ws/build/launch_pkg_g07/build --no-deps install_data
[4.289s] /usr/lib/python3/dist-packages/setuptools/command/easy_install.py:158: EasyInstallDeprecationWarning: easy_install command is deprecated. Use build and pip and other standards-based tools.
[4.290s]   warnings.warn(
[4.290s] /usr/lib/python3/dist-packages/setuptools/command/install.py:34: SetuptoolsDeprecationWarning: setup.py install is deprecated. Use build and pip and other standards-based tools.
[4.290s]   warnings.warn(
[4.290s] running develop
[4.845s] running egg_info
[4.845s] writing launch_pkg_g07.egg-info/PKG-INFO
[4.847s] writing dependency_links to launch_pkg_g07.egg-info/dependency_links.txt
[4.847s] writing entry points to launch_pkg_g07.egg-info/entry_points.txt
[4.860s] writing requirements to launch_pkg_g07.egg-info/requires.txt
[4.860s] writing top-level names to launch_pkg_g07.egg-info/top_level.txt
[4.861s] reading manifest file 'launch_pkg_g07.egg-info/SOURCES.txt'
[4.861s] writing manifest file 'launch_pkg_g07.egg-info/SOURCES.txt'
[4.863s] running build_ext
[4.881s] Creating /home/diego/ros2_ws/install/launch_pkg_g07/lib/python3.10/site-packages/launch-pkg-g07.egg-link (link to .)
[4.882s] 
[4.882s] Installed /home/diego/ros2_ws/build/launch_pkg_g07
[4.886s] running install_data
[5.016s] Invoked command in '/home/diego/ros2_ws/build/launch_pkg_g07' returned '0': PYTHONPATH=/home/diego/ros2_ws/build/launch_pkg_g07/prefix_override:/home/diego/ros2_ws/install/launch_pkg_g07/lib/python3.10/site-packages:${PYTHONPATH} /usr/bin/python3 setup.py develop --editable --build-directory /home/diego/ros2_ws/build/launch_pkg_g07/build --no-deps install_data
