[1.390s] Invoking command in '/home/diego/ros2_ws/build/modelrobot_pkg_g07': PYTHONPATH=/home/diego/ros2_ws/build/modelrobot_pkg_g07/prefix_override:/home/diego/ros2_ws/install/modelrobot_pkg_g07/lib/python3.10/site-packages:${PYTHONPATH} /usr/bin/python3 setup.py develop --editable --build-directory /home/diego/ros2_ws/build/modelrobot_pkg_g07/build --no-deps install_data
[1.809s] running develop
[1.811s] /usr/lib/python3/dist-packages/setuptools/command/easy_install.py:158: EasyInstallDeprecationWarning: easy_install command is deprecated. Use build and pip and other standards-based tools.
[1.811s]   warnings.warn(
[1.812s] /usr/lib/python3/dist-packages/setuptools/command/install.py:34: SetuptoolsDeprecationWarning: setup.py install is deprecated. Use build and pip and other standards-based tools.
[1.812s]   warnings.warn(
[2.049s] running egg_info
[2.049s] writing modelrobot_pkg_g07.egg-info/PKG-INFO
[2.050s] writing dependency_links to modelrobot_pkg_g07.egg-info/dependency_links.txt
[2.050s] writing entry points to modelrobot_pkg_g07.egg-info/entry_points.txt
[2.052s] writing requirements to modelrobot_pkg_g07.egg-info/requires.txt
[2.053s] writing top-level names to modelrobot_pkg_g07.egg-info/top_level.txt
[2.055s] reading manifest file 'modelrobot_pkg_g07.egg-info/SOURCES.txt'
[2.056s] writing manifest file 'modelrobot_pkg_g07.egg-info/SOURCES.txt'
[2.059s] running build_ext
[2.059s] Creating /home/diego/ros2_ws/install/modelrobot_pkg_g07/lib/python3.10/site-packages/modelrobot-pkg-g07.egg-link (link to .)
[2.060s] 
[2.061s] Installed /home/diego/ros2_ws/build/modelrobot_pkg_g07
[2.061s] running install_data
[2.096s] Invoked command in '/home/diego/ros2_ws/build/modelrobot_pkg_g07' returned '0': PYTHONPATH=/home/diego/ros2_ws/build/modelrobot_pkg_g07/prefix_override:/home/diego/ros2_ws/install/modelrobot_pkg_g07/lib/python3.10/site-packages:${PYTHONPATH} /usr/bin/python3 setup.py develop --editable --build-directory /home/diego/ros2_ws/build/modelrobot_pkg_g07/build --no-deps install_data
