[1.697s] Invoking command in '/home/diego/ros2_ws/build/launch_pkg_g07': PYTHONPATH=/home/diego/ros2_ws/build/launch_pkg_g07/prefix_override:/home/diego/ros2_ws/install/launch_pkg_g07/lib/python3.10/site-packages:${PYTHONPATH} /usr/bin/python3 setup.py develop --editable --build-directory /home/diego/ros2_ws/build/launch_pkg_g07/build --no-deps install_data
[1.994s] running develop
[2.013s] /usr/lib/python3/dist-packages/setuptools/command/easy_install.py:158: EasyInstallDeprecationWarning: easy_install command is deprecated. Use build and pip and other standards-based tools.
[2.013s]   warnings.warn(
[2.013s] /usr/lib/python3/dist-packages/setuptools/command/install.py:34: SetuptoolsDeprecationWarning: setup.py install is deprecated. Use build and pip and other standards-based tools.
[2.013s]   warnings.warn(
[2.355s] running egg_info
[2.358s] writing launch_pkg_g07.egg-info/PKG-INFO
[2.358s] writing dependency_links to launch_pkg_g07.egg-info/dependency_links.txt
[2.364s] writing entry points to launch_pkg_g07.egg-info/entry_points.txt
[2.364s] writing requirements to launch_pkg_g07.egg-info/requires.txt
[2.364s] writing top-level names to launch_pkg_g07.egg-info/top_level.txt
[2.364s] reading manifest file 'launch_pkg_g07.egg-info/SOURCES.txt'
[2.367s] writing manifest file 'launch_pkg_g07.egg-info/SOURCES.txt'
[2.367s] running build_ext
[2.367s] Creating /home/diego/ros2_ws/install/launch_pkg_g07/lib/python3.10/site-packages/launch-pkg-g07.egg-link (link to .)
[2.369s] 
[2.369s] Installed /home/diego/ros2_ws/build/launch_pkg_g07
[2.369s] running install_data
[2.459s] Invoked command in '/home/diego/ros2_ws/build/launch_pkg_g07' returned '0': PYTHONPATH=/home/diego/ros2_ws/build/launch_pkg_g07/prefix_override:/home/diego/ros2_ws/install/launch_pkg_g07/lib/python3.10/site-packages:${PYTHONPATH} /usr/bin/python3 setup.py develop --editable --build-directory /home/diego/ros2_ws/build/launch_pkg_g07/build --no-deps install_data
