[3.353s] Invoking command in '/home/diego/ros2_ws/build/modelrobot_pkg_g07': PYTHONPATH=/home/diego/ros2_ws/build/modelrobot_pkg_g07/prefix_override:/home/diego/ros2_ws/install/modelrobot_pkg_g07/lib/python3.10/site-packages:${PYTHONPATH} /usr/bin/python3 setup.py develop --editable --build-directory /home/diego/ros2_ws/build/modelrobot_pkg_g07/build --no-deps install_data
[4.280s] running develop
[4.280s] /usr/lib/python3/dist-packages/setuptools/command/easy_install.py:158: EasyInstallDeprecationWarning: easy_install command is deprecated. Use build and pip and other standards-based tools.
[4.280s]   warnings.warn(
[4.287s] /usr/lib/python3/dist-packages/setuptools/command/install.py:34: SetuptoolsDeprecationWarning: setup.py install is deprecated. Use build and pip and other standards-based tools.
[4.288s]   warnings.warn(
[4.755s] running egg_info
[4.763s] writing modelrobot_pkg_g07.egg-info/PKG-INFO
[4.763s] writing dependency_links to modelrobot_pkg_g07.egg-info/dependency_links.txt
[4.764s] writing entry points to modelrobot_pkg_g07.egg-info/entry_points.txt
[4.764s] writing requirements to modelrobot_pkg_g07.egg-info/requires.txt
[4.764s] writing top-level names to modelrobot_pkg_g07.egg-info/top_level.txt
[4.801s] reading manifest file 'modelrobot_pkg_g07.egg-info/SOURCES.txt'
[4.802s] writing manifest file 'modelrobot_pkg_g07.egg-info/SOURCES.txt'
[4.802s] running build_ext
[4.802s] Creating /home/diego/ros2_ws/install/modelrobot_pkg_g07/lib/python3.10/site-packages/modelrobot-pkg-g07.egg-link (link to .)
[4.827s] 
[4.828s] Installed /home/diego/ros2_ws/build/modelrobot_pkg_g07
[4.828s] running install_data
[4.828s] copying model/MS3R.urdf.xacro -> /home/diego/ros2_ws/install/modelrobot_pkg_g07/share/modelrobot_pkg_g07/model
[4.981s] Invoked command in '/home/diego/ros2_ws/build/modelrobot_pkg_g07' returned '0': PYTHONPATH=/home/diego/ros2_ws/build/modelrobot_pkg_g07/prefix_override:/home/diego/ros2_ws/install/modelrobot_pkg_g07/lib/python3.10/site-packages:${PYTHONPATH} /usr/bin/python3 setup.py develop --editable --build-directory /home/diego/ros2_ws/build/modelrobot_pkg_g07/build --no-deps install_data
