[1.308s] Invoking command in '/home/diego/ros2_ws/build/modelrobot_pkg_g07': PYTHONPATH=/home/diego/ros2_ws/build/modelrobot_pkg_g07/prefix_override:/home/diego/ros2_ws/install/modelrobot_pkg_g07/lib/python3.10/site-packages:${PYTHONPATH} /usr/bin/python3 setup.py develop --editable --build-directory /home/diego/ros2_ws/build/modelrobot_pkg_g07/build --no-deps install_data
[1.646s] running develop
[1.648s] /usr/lib/python3/dist-packages/setuptools/command/easy_install.py:158: EasyInstallDeprecationWarning: easy_install command is deprecated. Use build and pip and other standards-based tools.
[1.648s]   warnings.warn(
[1.650s] /usr/lib/python3/dist-packages/setuptools/command/install.py:34: SetuptoolsDeprecationWarning: setup.py install is deprecated. Use build and pip and other standards-based tools.
[1.650s]   warnings.warn(
[1.862s] running egg_info
[1.864s] writing modelrobot_pkg_g07.egg-info/PKG-INFO
[1.864s] writing dependency_links to modelrobot_pkg_g07.egg-info/dependency_links.txt
[1.865s] writing entry points to modelrobot_pkg_g07.egg-info/entry_points.txt
[1.865s] writing requirements to modelrobot_pkg_g07.egg-info/requires.txt
[1.866s] writing top-level names to modelrobot_pkg_g07.egg-info/top_level.txt
[1.868s] reading manifest file 'modelrobot_pkg_g07.egg-info/SOURCES.txt'
[1.871s] writing manifest file 'modelrobot_pkg_g07.egg-info/SOURCES.txt'
[1.873s] running build_ext
[1.874s] Creating /home/diego/ros2_ws/install/modelrobot_pkg_g07/lib/python3.10/site-packages/modelrobot-pkg-g07.egg-link (link to .)
[1.876s] 
[1.877s] Installed /home/diego/ros2_ws/build/modelrobot_pkg_g07
[1.877s] running install_data
[1.877s] copying model/rviz_config.rviz -> /home/diego/ros2_ws/install/modelrobot_pkg_g07/share/modelrobot_pkg_g07/model
[1.877s] copying model/robot_car_g07.urdf.xacro -> /home/diego/ros2_ws/install/modelrobot_pkg_g07/share/modelrobot_pkg_g07/model
[1.924s] Invoked command in '/home/diego/ros2_ws/build/modelrobot_pkg_g07' returned '0': PYTHONPATH=/home/diego/ros2_ws/build/modelrobot_pkg_g07/prefix_override:/home/diego/ros2_ws/install/modelrobot_pkg_g07/lib/python3.10/site-packages:${PYTHONPATH} /usr/bin/python3 setup.py develop --editable --build-directory /home/diego/ros2_ws/build/modelrobot_pkg_g07/build --no-deps install_data
