[2.880s] Invoking command in '/home/diego/ros2_ws/build/modelrobot_pkg_g07': PYTHONPATH=/home/diego/ros2_ws/build/modelrobot_pkg_g07/prefix_override:/home/diego/ros2_ws/install/modelrobot_pkg_g07/lib/python3.10/site-packages:${PYTHONPATH} /usr/bin/python3 setup.py develop --editable --build-directory /home/diego/ros2_ws/build/modelrobot_pkg_g07/build --no-deps install_data
[3.734s] running develop
[3.748s] /usr/lib/python3/dist-packages/setuptools/command/easy_install.py:158: EasyInstallDeprecationWarning: easy_install command is deprecated. Use build and pip and other standards-based tools.
[3.749s]   warnings.warn(
[3.749s] /usr/lib/python3/dist-packages/setuptools/command/install.py:34: SetuptoolsDeprecationWarning: setup.py install is deprecated. Use build and pip and other standards-based tools.
[3.749s]   warnings.warn(
[4.208s] running egg_info
[4.208s] writing modelrobot_pkg_g07.egg-info/PKG-INFO
[4.208s] writing dependency_links to modelrobot_pkg_g07.egg-info/dependency_links.txt
[4.220s] writing entry points to modelrobot_pkg_g07.egg-info/entry_points.txt
[4.232s] writing requirements to modelrobot_pkg_g07.egg-info/requires.txt
[4.254s] writing top-level names to modelrobot_pkg_g07.egg-info/top_level.txt
[4.254s] reading manifest file 'modelrobot_pkg_g07.egg-info/SOURCES.txt'
[4.254s] writing manifest file 'modelrobot_pkg_g07.egg-info/SOURCES.txt'
[4.254s] running build_ext
[4.254s] Creating /home/diego/ros2_ws/install/modelrobot_pkg_g07/lib/python3.10/site-packages/modelrobot-pkg-g07.egg-link (link to .)
[4.263s] 
[4.264s] Installed /home/diego/ros2_ws/build/modelrobot_pkg_g07
[4.264s] running install_data
[4.264s] copying model/MS3R.urdf.xacro -> /home/diego/ros2_ws/install/modelrobot_pkg_g07/share/modelrobot_pkg_g07/model
[4.416s] Invoked command in '/home/diego/ros2_ws/build/modelrobot_pkg_g07' returned '0': PYTHONPATH=/home/diego/ros2_ws/build/modelrobot_pkg_g07/prefix_override:/home/diego/ros2_ws/install/modelrobot_pkg_g07/lib/python3.10/site-packages:${PYTHONPATH} /usr/bin/python3 setup.py develop --editable --build-directory /home/diego/ros2_ws/build/modelrobot_pkg_g07/build --no-deps install_data
