[0.483s] DEBUG:colcon:Command line arguments: ['/usr/bin/colcon', 'build', '--symlink-install']
[0.489s] DEBUG:colcon:Parsed command line arguments: Namespace(log_base=None, log_level=None, verb_name='build', build_base='build', install_base='install', merge_install=False, symlink_install=True, test_result_base=None, continue_on_error=False, executor='parallel', parallel_workers=6, event_handlers=None, ignore_user_meta=False, metas=['./colcon.meta'], base_paths=['.'], packages_ignore=None, packages_ignore_regex=None, paths=None, packages_up_to=None, packages_up_to_regex=None, packages_above=None, packages_above_and_dependencies=None, packages_above_depth=None, packages_select_by_dep=None, packages_skip_by_dep=None, packages_skip_up_to=None, packages_select_build_failed=False, packages_skip_build_finished=False, packages_select_test_failures=False, packages_skip_test_passed=False, packages_select=None, packages_skip=None, packages_select_regex=None, packages_skip_regex=None, packages_start=None, packages_end=None, allow_overriding=[], cmake_args=None, cmake_target=None, cmake_target_skip_unavailable=False, cmake_clean_cache=False, cmake_clean_first=False, cmake_force_configure=False, ament_cmake_args=None, catkin_cmake_args=None, catkin_skip_building_tests=False, verb_parser=<colcon_defaults.argument_parser.defaults.DefaultArgumentsDecorator object at 0x7f815449fcd0>, verb_extension=<colcon_core.verb.build.BuildVerb object at 0x7f8154cdbac0>, main=<bound method BuildVerb.main of <colcon_core.verb.build.BuildVerb object at 0x7f8154cdbac0>>)
[0.563s] Level 1:colcon.colcon_core.package_discovery:discover_packages(colcon_meta) check parameters
[0.564s] Level 1:colcon.colcon_core.package_discovery:discover_packages(recursive) check parameters
[0.564s] Level 1:colcon.colcon_core.package_discovery:discover_packages(ignore) check parameters
[0.564s] Level 1:colcon.colcon_core.package_discovery:discover_packages(path) check parameters
[0.564s] Level 1:colcon.colcon_core.package_discovery:discover_packages(colcon_meta) discover
[0.564s] Level 1:colcon.colcon_core.package_discovery:discover_packages(recursive) discover
[0.564s] INFO:colcon.colcon_core.package_discovery:Crawling recursively for packages in '/home/diego/ros2_ws'
[0.564s] Level 1:colcon.colcon_core.package_identification:_identify(.) by extensions ['ignore', 'ignore_ament_install']
[0.564s] Level 1:colcon.colcon_core.package_identification:_identify(.) by extension 'ignore'
[0.564s] Level 1:colcon.colcon_core.package_identification:_identify(.) by extension 'ignore_ament_install'
[0.564s] Level 1:colcon.colcon_core.package_identification:_identify(.) by extensions ['colcon_pkg']
[0.564s] Level 1:colcon.colcon_core.package_identification:_identify(.) by extension 'colcon_pkg'
[0.564s] Level 1:colcon.colcon_core.package_identification:_identify(.) by extensions ['colcon_meta']
[0.565s] Level 1:colcon.colcon_core.package_identification:_identify(.) by extension 'colcon_meta'
[0.565s] Level 1:colcon.colcon_core.package_identification:_identify(.) by extensions ['ros']
[0.565s] Level 1:colcon.colcon_core.package_identification:_identify(.) by extension 'ros'
[0.588s] Level 1:colcon.colcon_core.package_identification:_identify(.) by extensions ['cmake', 'python']
[0.596s] Level 1:colcon.colcon_core.package_identification:_identify(.) by extension 'cmake'
[0.600s] Level 1:colcon.colcon_core.package_identification:_identify(.) by extension 'python'
[0.600s] Level 1:colcon.colcon_core.package_identification:_identify(.) by extensions ['python_setup_py']
[0.600s] Level 1:colcon.colcon_core.package_identification:_identify(.) by extension 'python_setup_py'
[0.601s] Level 1:colcon.colcon_core.package_identification:_identify(build) by extensions ['ignore', 'ignore_ament_install']
[0.601s] Level 1:colcon.colcon_core.package_identification:_identify(build) by extension 'ignore'
[0.601s] Level 1:colcon.colcon_core.package_identification:_identify(build) ignored
[0.602s] Level 1:colcon.colcon_core.package_identification:_identify(install) by extensions ['ignore', 'ignore_ament_install']
[0.602s] Level 1:colcon.colcon_core.package_identification:_identify(install) by extension 'ignore'
[0.602s] Level 1:colcon.colcon_core.package_identification:_identify(install) ignored
[0.602s] Level 1:colcon.colcon_core.package_identification:_identify(log) by extensions ['ignore', 'ignore_ament_install']
[0.602s] Level 1:colcon.colcon_core.package_identification:_identify(log) by extension 'ignore'
[0.603s] Level 1:colcon.colcon_core.package_identification:_identify(log) ignored
[0.603s] Level 1:colcon.colcon_core.package_identification:_identify(src) by extensions ['ignore', 'ignore_ament_install']
[0.603s] Level 1:colcon.colcon_core.package_identification:_identify(src) by extension 'ignore'
[0.603s] Level 1:colcon.colcon_core.package_identification:_identify(src) by extension 'ignore_ament_install'
[0.604s] Level 1:colcon.colcon_core.package_identification:_identify(src) by extensions ['colcon_pkg']
[0.604s] Level 1:colcon.colcon_core.package_identification:_identify(src) by extension 'colcon_pkg'
[0.604s] Level 1:colcon.colcon_core.package_identification:_identify(src) by extensions ['colcon_meta']
[0.604s] Level 1:colcon.colcon_core.package_identification:_identify(src) by extension 'colcon_meta'
[0.604s] Level 1:colcon.colcon_core.package_identification:_identify(src) by extensions ['ros']
[0.604s] Level 1:colcon.colcon_core.package_identification:_identify(src) by extension 'ros'
[0.604s] Level 1:colcon.colcon_core.package_identification:_identify(src) by extensions ['cmake', 'python']
[0.604s] Level 1:colcon.colcon_core.package_identification:_identify(src) by extension 'cmake'
[0.604s] Level 1:colcon.colcon_core.package_identification:_identify(src) by extension 'python'
[0.604s] Level 1:colcon.colcon_core.package_identification:_identify(src) by extensions ['python_setup_py']
[0.604s] Level 1:colcon.colcon_core.package_identification:_identify(src) by extension 'python_setup_py'
[0.604s] Level 1:colcon.colcon_core.package_identification:_identify(src/launch_pkg_g07) by extensions ['ignore', 'ignore_ament_install']
[0.605s] Level 1:colcon.colcon_core.package_identification:_identify(src/launch_pkg_g07) by extension 'ignore'
[0.605s] Level 1:colcon.colcon_core.package_identification:_identify(src/launch_pkg_g07) by extension 'ignore_ament_install'
[0.605s] Level 1:colcon.colcon_core.package_identification:_identify(src/launch_pkg_g07) by extensions ['colcon_pkg']
[0.605s] Level 1:colcon.colcon_core.package_identification:_identify(src/launch_pkg_g07) by extension 'colcon_pkg'
[0.605s] Level 1:colcon.colcon_core.package_identification:_identify(src/launch_pkg_g07) by extensions ['colcon_meta']
[0.605s] Level 1:colcon.colcon_core.package_identification:_identify(src/launch_pkg_g07) by extension 'colcon_meta'
[0.605s] Level 1:colcon.colcon_core.package_identification:_identify(src/launch_pkg_g07) by extensions ['ros']
[0.605s] Level 1:colcon.colcon_core.package_identification:_identify(src/launch_pkg_g07) by extension 'ros'
[0.608s] DEBUG:colcon.colcon_core.package_identification:Package 'src/launch_pkg_g07' with type 'ros.ament_python' and name 'launch_pkg_g07'
[0.609s] Level 1:colcon.colcon_core.package_identification:_identify(src/modelrobot_pkg_g07) by extensions ['ignore', 'ignore_ament_install']
[0.609s] Level 1:colcon.colcon_core.package_identification:_identify(src/modelrobot_pkg_g07) by extension 'ignore'
[0.609s] Level 1:colcon.colcon_core.package_identification:_identify(src/modelrobot_pkg_g07) by extension 'ignore_ament_install'
[0.609s] Level 1:colcon.colcon_core.package_identification:_identify(src/modelrobot_pkg_g07) by extensions ['colcon_pkg']
[0.609s] Level 1:colcon.colcon_core.package_identification:_identify(src/modelrobot_pkg_g07) by extension 'colcon_pkg'
[0.609s] Level 1:colcon.colcon_core.package_identification:_identify(src/modelrobot_pkg_g07) by extensions ['colcon_meta']
[0.609s] Level 1:colcon.colcon_core.package_identification:_identify(src/modelrobot_pkg_g07) by extension 'colcon_meta'
[0.609s] Level 1:colcon.colcon_core.package_identification:_identify(src/modelrobot_pkg_g07) by extensions ['ros']
[0.609s] Level 1:colcon.colcon_core.package_identification:_identify(src/modelrobot_pkg_g07) by extension 'ros'
[0.610s] DEBUG:colcon.colcon_core.package_identification:Package 'src/modelrobot_pkg_g07' with type 'ros.ament_python' and name 'modelrobot_pkg_g07'
[0.610s] Level 1:colcon.colcon_core.package_discovery:discover_packages(recursive) using defaults
[0.610s] Level 1:colcon.colcon_core.package_discovery:discover_packages(ignore) discover
[0.610s] Level 1:colcon.colcon_core.package_discovery:discover_packages(ignore) using defaults
[0.610s] Level 1:colcon.colcon_core.package_discovery:discover_packages(path) discover
[0.610s] Level 1:colcon.colcon_core.package_discovery:discover_packages(path) using defaults
[0.644s] Level 1:colcon.colcon_core.package_discovery:discover_packages(prefix_path) check parameters
[0.644s] Level 1:colcon.colcon_core.package_discovery:discover_packages(prefix_path) discover
[0.647s] DEBUG:colcon.colcon_installed_package_information.package_discovery:Found 2 installed packages in /home/diego/ros2_ws/install
[0.649s] DEBUG:colcon.colcon_installed_package_information.package_discovery:Found 280 installed packages in /opt/ros/humble
[0.650s] Level 1:colcon.colcon_core.package_discovery:discover_packages(prefix_path) using defaults
[0.728s] Level 5:colcon.colcon_core.verb:set package 'launch_pkg_g07' build argument 'cmake_args' from command line to 'None'
[0.728s] Level 5:colcon.colcon_core.verb:set package 'launch_pkg_g07' build argument 'cmake_target' from command line to 'None'
[0.728s] Level 5:colcon.colcon_core.verb:set package 'launch_pkg_g07' build argument 'cmake_target_skip_unavailable' from command line to 'False'
[0.728s] Level 5:colcon.colcon_core.verb:set package 'launch_pkg_g07' build argument 'cmake_clean_cache' from command line to 'False'
[0.728s] Level 5:colcon.colcon_core.verb:set package 'launch_pkg_g07' build argument 'cmake_clean_first' from command line to 'False'
[0.728s] Level 5:colcon.colcon_core.verb:set package 'launch_pkg_g07' build argument 'cmake_force_configure' from command line to 'False'
[0.729s] Level 5:colcon.colcon_core.verb:set package 'launch_pkg_g07' build argument 'ament_cmake_args' from command line to 'None'
[0.729s] Level 5:colcon.colcon_core.verb:set package 'launch_pkg_g07' build argument 'catkin_cmake_args' from command line to 'None'
[0.729s] Level 5:colcon.colcon_core.verb:set package 'launch_pkg_g07' build argument 'catkin_skip_building_tests' from command line to 'False'
[0.729s] DEBUG:colcon.colcon_core.verb:Building package 'launch_pkg_g07' with the following arguments: {'ament_cmake_args': None, 'build_base': '/home/diego/ros2_ws/build/launch_pkg_g07', 'catkin_cmake_args': None, 'catkin_skip_building_tests': False, 'cmake_args': None, 'cmake_clean_cache': False, 'cmake_clean_first': False, 'cmake_force_configure': False, 'cmake_target': None, 'cmake_target_skip_unavailable': False, 'install_base': '/home/diego/ros2_ws/install/launch_pkg_g07', 'merge_install': False, 'path': '/home/diego/ros2_ws/src/launch_pkg_g07', 'symlink_install': True, 'test_result_base': None}
[0.730s] Level 5:colcon.colcon_core.verb:set package 'modelrobot_pkg_g07' build argument 'cmake_args' from command line to 'None'
[0.730s] Level 5:colcon.colcon_core.verb:set package 'modelrobot_pkg_g07' build argument 'cmake_target' from command line to 'None'
[0.730s] Level 5:colcon.colcon_core.verb:set package 'modelrobot_pkg_g07' build argument 'cmake_target_skip_unavailable' from command line to 'False'
[0.730s] Level 5:colcon.colcon_core.verb:set package 'modelrobot_pkg_g07' build argument 'cmake_clean_cache' from command line to 'False'
[0.730s] Level 5:colcon.colcon_core.verb:set package 'modelrobot_pkg_g07' build argument 'cmake_clean_first' from command line to 'False'
[0.730s] Level 5:colcon.colcon_core.verb:set package 'modelrobot_pkg_g07' build argument 'cmake_force_configure' from command line to 'False'
[0.730s] Level 5:colcon.colcon_core.verb:set package 'modelrobot_pkg_g07' build argument 'ament_cmake_args' from command line to 'None'
[0.730s] Level 5:colcon.colcon_core.verb:set package 'modelrobot_pkg_g07' build argument 'catkin_cmake_args' from command line to 'None'
[0.730s] Level 5:colcon.colcon_core.verb:set package 'modelrobot_pkg_g07' build argument 'catkin_skip_building_tests' from command line to 'False'
[0.730s] DEBUG:colcon.colcon_core.verb:Building package 'modelrobot_pkg_g07' with the following arguments: {'ament_cmake_args': None, 'build_base': '/home/diego/ros2_ws/build/modelrobot_pkg_g07', 'catkin_cmake_args': None, 'catkin_skip_building_tests': False, 'cmake_args': None, 'cmake_clean_cache': False, 'cmake_clean_first': False, 'cmake_force_configure': False, 'cmake_target': None, 'cmake_target_skip_unavailable': False, 'install_base': '/home/diego/ros2_ws/install/modelrobot_pkg_g07', 'merge_install': False, 'path': '/home/diego/ros2_ws/src/modelrobot_pkg_g07', 'symlink_install': True, 'test_result_base': None}
[0.731s] INFO:colcon.colcon_core.executor:Executing jobs using 'parallel' executor
[0.736s] DEBUG:colcon.colcon_parallel_executor.executor.parallel:run_until_complete
[0.736s] INFO:colcon.colcon_ros.task.ament_python.build:Building ROS package in '/home/diego/ros2_ws/src/launch_pkg_g07' with build type 'ament_python'
[0.737s] Level 1:colcon.colcon_core.shell:create_environment_hook('launch_pkg_g07', 'ament_prefix_path')
[0.743s] INFO:colcon.colcon_core.plugin_system:Skipping extension 'colcon_core.shell.bat': Not used on non-Windows systems
[0.743s] INFO:colcon.colcon_core.shell:Creating environment hook '/home/diego/ros2_ws/install/launch_pkg_g07/share/launch_pkg_g07/hook/ament_prefix_path.ps1'
[0.745s] INFO:colcon.colcon_core.shell:Creating environment descriptor '/home/diego/ros2_ws/install/launch_pkg_g07/share/launch_pkg_g07/hook/ament_prefix_path.dsv'
[0.746s] INFO:colcon.colcon_core.shell:Creating environment hook '/home/diego/ros2_ws/install/launch_pkg_g07/share/launch_pkg_g07/hook/ament_prefix_path.sh'
[0.748s] INFO:colcon.colcon_core.shell:Skip shell extension 'powershell' for command environment: Not usable outside of PowerShell
[0.748s] DEBUG:colcon.colcon_core.shell:Skip shell extension 'dsv' for command environment
[0.757s] INFO:colcon.colcon_ros.task.ament_python.build:Building ROS package in '/home/diego/ros2_ws/src/modelrobot_pkg_g07' with build type 'ament_python'
[0.759s] Level 1:colcon.colcon_core.shell:create_environment_hook('modelrobot_pkg_g07', 'ament_prefix_path')
[0.763s] INFO:colcon.colcon_core.shell:Creating environment hook '/home/diego/ros2_ws/install/modelrobot_pkg_g07/share/modelrobot_pkg_g07/hook/ament_prefix_path.ps1'
[0.764s] INFO:colcon.colcon_core.shell:Creating environment descriptor '/home/diego/ros2_ws/install/modelrobot_pkg_g07/share/modelrobot_pkg_g07/hook/ament_prefix_path.dsv'
[0.765s] INFO:colcon.colcon_core.shell:Creating environment hook '/home/diego/ros2_ws/install/modelrobot_pkg_g07/share/modelrobot_pkg_g07/hook/ament_prefix_path.sh'
[0.767s] INFO:colcon.colcon_core.shell:Skip shell extension 'powershell' for command environment: Not usable outside of PowerShell
[0.767s] DEBUG:colcon.colcon_core.shell:Skip shell extension 'dsv' for command environment
[1.378s] INFO:colcon.colcon_core.task.python.build:Building Python package in '/home/diego/ros2_ws/src/launch_pkg_g07'
[1.396s] INFO:colcon.colcon_core.shell:Skip shell extension 'powershell' for command environment: Not usable outside of PowerShell
[1.396s] DEBUG:colcon.colcon_core.shell:Skip shell extension 'dsv' for command environment
[1.986s] INFO:colcon.colcon_core.task.python.build:Building Python package in '/home/diego/ros2_ws/src/modelrobot_pkg_g07'
[1.989s] INFO:colcon.colcon_core.shell:Skip shell extension 'powershell' for command environment: Not usable outside of PowerShell
[1.989s] DEBUG:colcon.colcon_core.shell:Skip shell extension 'dsv' for command environment
[2.825s] DEBUG:colcon.colcon_core.event_handler.log_command:Invoking command in '/home/diego/ros2_ws/build/launch_pkg_g07': PYTHONPATH=/home/diego/ros2_ws/build/launch_pkg_g07/prefix_override:/home/diego/ros2_ws/install/launch_pkg_g07/lib/python3.10/site-packages:${PYTHONPATH} /usr/bin/python3 setup.py develop --editable --build-directory /home/diego/ros2_ws/build/launch_pkg_g07/build --no-deps install_data
[2.874s] DEBUG:colcon.colcon_core.event_handler.log_command:Invoking command in '/home/diego/ros2_ws/build/modelrobot_pkg_g07': PYTHONPATH=/home/diego/ros2_ws/build/modelrobot_pkg_g07/prefix_override:/home/diego/ros2_ws/install/modelrobot_pkg_g07/lib/python3.10/site-packages:${PYTHONPATH} /usr/bin/python3 setup.py develop --editable --build-directory /home/diego/ros2_ws/build/modelrobot_pkg_g07/build --no-deps install_data
[3.466s] Level 1:colcon.colcon_core.shell:create_environment_hook('launch_pkg_g07', 'pythonpath_develop')
[3.473s] DEBUG:colcon.colcon_core.event_handler.log_command:Invoked command in '/home/diego/ros2_ws/build/launch_pkg_g07' returned '0': PYTHONPATH=/home/diego/ros2_ws/build/launch_pkg_g07/prefix_override:/home/diego/ros2_ws/install/launch_pkg_g07/lib/python3.10/site-packages:${PYTHONPATH} /usr/bin/python3 setup.py develop --editable --build-directory /home/diego/ros2_ws/build/launch_pkg_g07/build --no-deps install_data
[3.477s] INFO:colcon.colcon_core.shell:Creating environment hook '/home/diego/ros2_ws/build/launch_pkg_g07/share/launch_pkg_g07/hook/pythonpath_develop.ps1'
[3.500s] INFO:colcon.colcon_core.shell:Creating environment descriptor '/home/diego/ros2_ws/build/launch_pkg_g07/share/launch_pkg_g07/hook/pythonpath_develop.dsv'
[3.513s] INFO:colcon.colcon_core.shell:Creating environment hook '/home/diego/ros2_ws/build/launch_pkg_g07/share/launch_pkg_g07/hook/pythonpath_develop.sh'
[3.521s] Level 1:colcon.colcon_core.environment:checking '/home/diego/ros2_ws/install/launch_pkg_g07' for CMake module files
[3.522s] Level 1:colcon.colcon_core.environment:checking '/home/diego/ros2_ws/install/launch_pkg_g07' for CMake config files
[3.522s] Level 1:colcon.colcon_core.environment:checking '/home/diego/ros2_ws/install/launch_pkg_g07/lib'
[3.522s] Level 1:colcon.colcon_core.environment:checking '/home/diego/ros2_ws/install/launch_pkg_g07/bin'
[3.522s] Level 1:colcon.colcon_core.environment:checking '/home/diego/ros2_ws/install/launch_pkg_g07/lib/pkgconfig/launch_pkg_g07.pc'
[3.531s] Level 1:colcon.colcon_core.environment:checking '/home/diego/ros2_ws/install/launch_pkg_g07/lib/python3.10/site-packages'
[3.531s] Level 1:colcon.colcon_core.shell:create_environment_hook('launch_pkg_g07', 'pythonpath')
[3.533s] INFO:colcon.colcon_core.shell:Creating environment hook '/home/diego/ros2_ws/install/launch_pkg_g07/share/launch_pkg_g07/hook/pythonpath.ps1'
[3.534s] INFO:colcon.colcon_core.shell:Creating environment descriptor '/home/diego/ros2_ws/install/launch_pkg_g07/share/launch_pkg_g07/hook/pythonpath.dsv'
[3.535s] INFO:colcon.colcon_core.shell:Creating environment hook '/home/diego/ros2_ws/install/launch_pkg_g07/share/launch_pkg_g07/hook/pythonpath.sh'
[3.536s] Level 1:colcon.colcon_core.environment:checking '/home/diego/ros2_ws/install/launch_pkg_g07/bin'
[3.536s] Level 1:colcon.colcon_core.environment:create_environment_scripts_only(launch_pkg_g07)
[3.538s] INFO:colcon.colcon_core.shell:Creating package script '/home/diego/ros2_ws/install/launch_pkg_g07/share/launch_pkg_g07/package.ps1'
[3.558s] INFO:colcon.colcon_core.shell:Creating package descriptor '/home/diego/ros2_ws/install/launch_pkg_g07/share/launch_pkg_g07/package.dsv'
[3.564s] INFO:colcon.colcon_core.shell:Creating package script '/home/diego/ros2_ws/install/launch_pkg_g07/share/launch_pkg_g07/package.sh'
[3.574s] INFO:colcon.colcon_core.shell:Creating package script '/home/diego/ros2_ws/install/launch_pkg_g07/share/launch_pkg_g07/package.bash'
[3.590s] INFO:colcon.colcon_core.shell:Creating package script '/home/diego/ros2_ws/install/launch_pkg_g07/share/launch_pkg_g07/package.zsh'
[3.594s] Level 1:colcon.colcon_core.environment:create_file_with_runtime_dependencies(/home/diego/ros2_ws/install/launch_pkg_g07/share/colcon-core/packages/launch_pkg_g07)
[3.616s] Level 1:colcon.colcon_core.shell:create_environment_hook('modelrobot_pkg_g07', 'pythonpath_develop')
[3.618s] INFO:colcon.colcon_core.shell:Creating environment hook '/home/diego/ros2_ws/build/modelrobot_pkg_g07/share/modelrobot_pkg_g07/hook/pythonpath_develop.ps1'
[3.620s] INFO:colcon.colcon_core.shell:Creating environment descriptor '/home/diego/ros2_ws/build/modelrobot_pkg_g07/share/modelrobot_pkg_g07/hook/pythonpath_develop.dsv'
[3.621s] INFO:colcon.colcon_core.shell:Creating environment hook '/home/diego/ros2_ws/build/modelrobot_pkg_g07/share/modelrobot_pkg_g07/hook/pythonpath_develop.sh'
[3.625s] Level 1:colcon.colcon_core.environment:checking '/home/diego/ros2_ws/install/modelrobot_pkg_g07' for CMake module files
[3.625s] Level 1:colcon.colcon_core.environment:checking '/home/diego/ros2_ws/install/modelrobot_pkg_g07' for CMake config files
[3.626s] Level 1:colcon.colcon_core.environment:checking '/home/diego/ros2_ws/install/modelrobot_pkg_g07/lib'
[3.626s] Level 1:colcon.colcon_core.environment:checking '/home/diego/ros2_ws/install/modelrobot_pkg_g07/bin'
[3.626s] Level 1:colcon.colcon_core.environment:checking '/home/diego/ros2_ws/install/modelrobot_pkg_g07/lib/pkgconfig/modelrobot_pkg_g07.pc'
[3.626s] Level 1:colcon.colcon_core.environment:checking '/home/diego/ros2_ws/install/modelrobot_pkg_g07/lib/python3.10/site-packages'
[3.628s] Level 1:colcon.colcon_core.shell:create_environment_hook('modelrobot_pkg_g07', 'pythonpath')
[3.630s] INFO:colcon.colcon_core.shell:Creating environment hook '/home/diego/ros2_ws/install/modelrobot_pkg_g07/share/modelrobot_pkg_g07/hook/pythonpath.ps1'
[3.631s] INFO:colcon.colcon_core.shell:Creating environment descriptor '/home/diego/ros2_ws/install/modelrobot_pkg_g07/share/modelrobot_pkg_g07/hook/pythonpath.dsv'
[3.631s] INFO:colcon.colcon_core.shell:Creating environment hook '/home/diego/ros2_ws/install/modelrobot_pkg_g07/share/modelrobot_pkg_g07/hook/pythonpath.sh'
[3.633s] Level 1:colcon.colcon_core.environment:checking '/home/diego/ros2_ws/install/modelrobot_pkg_g07/bin'
[3.633s] Level 1:colcon.colcon_core.environment:create_environment_scripts_only(modelrobot_pkg_g07)
[3.635s] INFO:colcon.colcon_core.shell:Creating package script '/home/diego/ros2_ws/install/modelrobot_pkg_g07/share/modelrobot_pkg_g07/package.ps1'
[3.636s] INFO:colcon.colcon_core.shell:Creating package descriptor '/home/diego/ros2_ws/install/modelrobot_pkg_g07/share/modelrobot_pkg_g07/package.dsv'
[3.637s] DEBUG:colcon.colcon_core.event_handler.log_command:Invoked command in '/home/diego/ros2_ws/build/modelrobot_pkg_g07' returned '0': PYTHONPATH=/home/diego/ros2_ws/build/modelrobot_pkg_g07/prefix_override:/home/diego/ros2_ws/install/modelrobot_pkg_g07/lib/python3.10/site-packages:${PYTHONPATH} /usr/bin/python3 setup.py develop --editable --build-directory /home/diego/ros2_ws/build/modelrobot_pkg_g07/build --no-deps install_data
[3.638s] INFO:colcon.colcon_core.shell:Creating package script '/home/diego/ros2_ws/install/modelrobot_pkg_g07/share/modelrobot_pkg_g07/package.sh'
[3.639s] INFO:colcon.colcon_core.shell:Creating package script '/home/diego/ros2_ws/install/modelrobot_pkg_g07/share/modelrobot_pkg_g07/package.bash'
[3.639s] INFO:colcon.colcon_core.shell:Creating package script '/home/diego/ros2_ws/install/modelrobot_pkg_g07/share/modelrobot_pkg_g07/package.zsh'
[3.640s] Level 1:colcon.colcon_core.environment:create_file_with_runtime_dependencies(/home/diego/ros2_ws/install/modelrobot_pkg_g07/share/colcon-core/packages/modelrobot_pkg_g07)
[3.641s] DEBUG:colcon.colcon_parallel_executor.executor.parallel:closing loop
[3.641s] DEBUG:colcon.colcon_parallel_executor.executor.parallel:loop closed
[3.643s] DEBUG:colcon.colcon_parallel_executor.executor.parallel:run_until_complete finished with '0'
[3.643s] DEBUG:colcon.colcon_core.event_reactor:joining thread
[3.655s] INFO:colcon.colcon_core.plugin_system:Skipping extension 'colcon_notification.desktop_notification.terminal_notifier': Not used on non-Darwin systems
[3.664s] INFO:colcon.colcon_core.plugin_system:Skipping extension 'colcon_notification.desktop_notification.win32': Not used on non-Windows systems
[3.664s] INFO:colcon.colcon_notification.desktop_notification:Sending desktop notification using 'notify2'
[3.751s] DEBUG:colcon.colcon_core.event_reactor:joined thread
[3.757s] INFO:colcon.colcon_core.shell:Creating prefix script '/home/diego/ros2_ws/install/local_setup.ps1'
[3.760s] INFO:colcon.colcon_core.shell:Creating prefix util module '/home/diego/ros2_ws/install/_local_setup_util_ps1.py'
[3.782s] INFO:colcon.colcon_core.shell:Creating prefix chain script '/home/diego/ros2_ws/install/setup.ps1'
[3.810s] INFO:colcon.colcon_core.shell:Creating prefix script '/home/diego/ros2_ws/install/local_setup.sh'
[3.817s] INFO:colcon.colcon_core.shell:Creating prefix util module '/home/diego/ros2_ws/install/_local_setup_util_sh.py'
[3.819s] INFO:colcon.colcon_core.shell:Creating prefix chain script '/home/diego/ros2_ws/install/setup.sh'
[3.826s] INFO:colcon.colcon_core.shell:Creating prefix script '/home/diego/ros2_ws/install/local_setup.bash'
[3.830s] INFO:colcon.colcon_core.shell:Creating prefix chain script '/home/diego/ros2_ws/install/setup.bash'
[3.838s] INFO:colcon.colcon_core.shell:Creating prefix script '/home/diego/ros2_ws/install/local_setup.zsh'
[3.847s] INFO:colcon.colcon_core.shell:Creating prefix chain script '/home/diego/ros2_ws/install/setup.zsh'
