[2.188s] Invoking command in '/home/diego/ros2_ws/build/modelrobot_pkg_g07': PYTHONPATH=/home/diego/ros2_ws/build/modelrobot_pkg_g07/prefix_override:/home/diego/ros2_ws/install/modelrobot_pkg_g07/lib/python3.10/site-packages:${PYTHONPATH} /usr/bin/python3 setup.py develop --editable --build-directory /home/diego/ros2_ws/build/modelrobot_pkg_g07/build --no-deps install_data
[2.605s] running develop
[2.610s] /usr/lib/python3/dist-packages/setuptools/command/easy_install.py:158: EasyInstallDeprecationWarning: easy_install command is deprecated. Use build and pip and other standards-based tools.
[2.610s]   warnings.warn(
[2.611s] /usr/lib/python3/dist-packages/setuptools/command/install.py:34: SetuptoolsDeprecationWarning: setup.py install is deprecated. Use build and pip and other standards-based tools.
[2.611s]   warnings.warn(
[2.956s] running egg_info
[2.957s] writing modelrobot_pkg_g07.egg-info/PKG-INFO
[2.957s] writing dependency_links to modelrobot_pkg_g07.egg-info/dependency_links.txt
[2.957s] writing entry points to modelrobot_pkg_g07.egg-info/entry_points.txt
[3.079s] writing requirements to modelrobot_pkg_g07.egg-info/requires.txt
[3.089s] writing top-level names to modelrobot_pkg_g07.egg-info/top_level.txt
[3.090s] reading manifest file 'modelrobot_pkg_g07.egg-info/SOURCES.txt'
[3.090s] writing manifest file 'modelrobot_pkg_g07.egg-info/SOURCES.txt'
[3.090s] running build_ext
[3.090s] Creating /home/diego/ros2_ws/install/modelrobot_pkg_g07/lib/python3.10/site-packages/modelrobot-pkg-g07.egg-link (link to .)
[3.090s] 
[3.090s] Installed /home/diego/ros2_ws/build/modelrobot_pkg_g07
[3.090s] running install_data
[3.305s] Invoked command in '/home/diego/ros2_ws/build/modelrobot_pkg_g07' returned '0': PYTHONPATH=/home/diego/ros2_ws/build/modelrobot_pkg_g07/prefix_override:/home/diego/ros2_ws/install/modelrobot_pkg_g07/lib/python3.10/site-packages:${PYTHONPATH} /usr/bin/python3 setup.py develop --editable --build-directory /home/diego/ros2_ws/build/modelrobot_pkg_g07/build --no-deps install_data
