[3.469s] Invoking command in '/home/diego/ros2_ws/build/launch_pkg_g07': PYTHONPATH=/home/diego/ros2_ws/build/launch_pkg_g07/prefix_override:/home/diego/ros2_ws/install/launch_pkg_g07/lib/python3.10/site-packages:${PYTHONPATH} /usr/bin/python3 setup.py develop --editable --build-directory /home/diego/ros2_ws/build/launch_pkg_g07/build --no-deps install_data
[3.880s] running develop
[3.883s] /usr/lib/python3/dist-packages/setuptools/command/easy_install.py:158: EasyInstallDeprecationWarning: easy_install command is deprecated. Use build and pip and other standards-based tools.
[3.883s]   warnings.warn(
[3.919s] /usr/lib/python3/dist-packages/setuptools/command/install.py:34: SetuptoolsDeprecationWarning: setup.py install is deprecated. Use build and pip and other standards-based tools.
[3.919s]   warnings.warn(
[4.275s] running egg_info
[4.282s] writing launch_pkg_g07.egg-info/PKG-INFO
[4.282s] writing dependency_links to launch_pkg_g07.egg-info/dependency_links.txt
[4.309s] writing entry points to launch_pkg_g07.egg-info/entry_points.txt
[4.309s] writing requirements to launch_pkg_g07.egg-info/requires.txt
[4.310s] writing top-level names to launch_pkg_g07.egg-info/top_level.txt
[4.310s] reading manifest file 'launch_pkg_g07.egg-info/SOURCES.txt'
[4.325s] writing manifest file 'launch_pkg_g07.egg-info/SOURCES.txt'
[4.325s] running build_ext
[4.325s] Creating /home/diego/ros2_ws/install/launch_pkg_g07/lib/python3.10/site-packages/launch-pkg-g07.egg-link (link to .)
[4.341s] 
[4.342s] Installed /home/diego/ros2_ws/build/launch_pkg_g07
[4.342s] running install_data
[4.435s] Invoked command in '/home/diego/ros2_ws/build/launch_pkg_g07' returned '0': PYTHONPATH=/home/diego/ros2_ws/build/launch_pkg_g07/prefix_override:/home/diego/ros2_ws/install/launch_pkg_g07/lib/python3.10/site-packages:${PYTHONPATH} /usr/bin/python3 setup.py develop --editable --build-directory /home/diego/ros2_ws/build/launch_pkg_g07/build --no-deps install_data
