running develop
running egg_info
creating launch_pkg_g07.egg-info
writing launch_pkg_g07.egg-info/PKG-INFO
writing dependency_links to launch_pkg_g07.egg-info/dependency_links.txt
writing entry points to launch_pkg_g07.egg-info/entry_points.txt
writing requirements to launch_pkg_g07.egg-info/requires.txt
writing top-level names to launch_pkg_g07.egg-info/top_level.txt
writing manifest file 'launch_pkg_g07.egg-info/SOURCES.txt'
reading manifest file 'launch_pkg_g07.egg-info/SOURCES.txt'
writing manifest file 'launch_pkg_g07.egg-info/SOURCES.txt'
running build_ext
Creating /home/diego/ros2_ws/install/launch_pkg_g07/lib/python3.10/site-packages/launch-pkg-g07.egg-link (link to .)

Installed /home/diego/ros2_ws/build/launch_pkg_g07
running install_data
creating /home/diego/ros2_ws/install/launch_pkg_g07/share/ament_index
creating /home/diego/ros2_ws/install/launch_pkg_g07/share/ament_index/resource_index
creating /home/diego/ros2_ws/install/launch_pkg_g07/share/ament_index/resource_index/packages
copying resource/launch_pkg_g07 -> /home/diego/ros2_ws/install/launch_pkg_g07/share/ament_index/resource_index/packages
copying package.xml -> /home/diego/ros2_ws/install/launch_pkg_g07/share/launch_pkg_g07
