[3.461s] Invoking command in '/home/diego/ros2_ws/build/launch_pkg_g07': PYTHONPATH=/home/diego/ros2_ws/build/launch_pkg_g07/prefix_override:/home/diego/ros2_ws/install/launch_pkg_g07/lib/python3.10/site-packages:${PYTHONPATH} /usr/bin/python3 setup.py develop --editable --build-directory /home/diego/ros2_ws/build/launch_pkg_g07/build --no-deps install_data
[4.429s] running develop
[4.432s] /usr/lib/python3/dist-packages/setuptools/command/easy_install.py:158: EasyInstallDeprecationWarning: easy_install command is deprecated. Use build and pip and other standards-based tools.
[4.432s]   warnings.warn(
[4.437s] /usr/lib/python3/dist-packages/setuptools/command/install.py:34: SetuptoolsDeprecationWarning: setup.py install is deprecated. Use build and pip and other standards-based tools.
[4.437s]   warnings.warn(
[5.103s] running egg_info
[5.105s] creating launch_pkg_g07.egg-info
[5.106s] writing launch_pkg_g07.egg-info/PKG-INFO
[5.107s] writing dependency_links to launch_pkg_g07.egg-info/dependency_links.txt
[5.107s] writing entry points to launch_pkg_g07.egg-info/entry_points.txt
[5.107s] writing requirements to launch_pkg_g07.egg-info/requires.txt
[5.107s] writing top-level names to launch_pkg_g07.egg-info/top_level.txt
[5.108s] writing manifest file 'launch_pkg_g07.egg-info/SOURCES.txt'
[5.108s] reading manifest file 'launch_pkg_g07.egg-info/SOURCES.txt'
[5.108s] writing manifest file 'launch_pkg_g07.egg-info/SOURCES.txt'
[5.109s] running build_ext
[5.109s] Creating /home/diego/ros2_ws/install/launch_pkg_g07/lib/python3.10/site-packages/launch-pkg-g07.egg-link (link to .)
[5.109s] 
[5.110s] Installed /home/diego/ros2_ws/build/launch_pkg_g07
[5.110s] running install_data
[5.111s] creating /home/diego/ros2_ws/install/launch_pkg_g07/share/ament_index
[5.111s] creating /home/diego/ros2_ws/install/launch_pkg_g07/share/ament_index/resource_index
[5.112s] creating /home/diego/ros2_ws/install/launch_pkg_g07/share/ament_index/resource_index/packages
[5.114s] copying resource/launch_pkg_g07 -> /home/diego/ros2_ws/install/launch_pkg_g07/share/ament_index/resource_index/packages
[5.115s] copying package.xml -> /home/diego/ros2_ws/install/launch_pkg_g07/share/launch_pkg_g07
[5.241s] Invoked command in '/home/diego/ros2_ws/build/launch_pkg_g07' returned '0': PYTHONPATH=/home/diego/ros2_ws/build/launch_pkg_g07/prefix_override:/home/diego/ros2_ws/install/launch_pkg_g07/lib/python3.10/site-packages:${PYTHONPATH} /usr/bin/python3 setup.py develop --editable --build-directory /home/diego/ros2_ws/build/launch_pkg_g07/build --no-deps install_data
