[1.631s] Invoking command in '/home/diego/ros2_ws/build/modelrobot_pkg_g07': PYTHONPATH=/home/diego/ros2_ws/build/modelrobot_pkg_g07/prefix_override:/home/diego/ros2_ws/install/modelrobot_pkg_g07/lib/python3.10/site-packages:${PYTHONPATH} /usr/bin/python3 setup.py develop --editable --build-directory /home/diego/ros2_ws/build/modelrobot_pkg_g07/build --no-deps install_data
[1.931s] /usr/lib/python3/dist-packages/setuptools/command/easy_install.py:158: EasyInstallDeprecationWarning: easy_install command is deprecated. Use build and pip and other standards-based tools.
[1.931s]   warnings.warn(
[1.931s] running develop
[1.931s] /usr/lib/python3/dist-packages/setuptools/command/install.py:34: SetuptoolsDeprecationWarning: setup.py install is deprecated. Use build and pip and other standards-based tools.
[1.931s]   warnings.warn(
[2.117s] running egg_info
[2.117s] writing modelrobot_pkg_g07.egg-info/PKG-INFO
[2.117s] writing dependency_links to modelrobot_pkg_g07.egg-info/dependency_links.txt
[2.117s] writing entry points to modelrobot_pkg_g07.egg-info/entry_points.txt
[2.140s] writing requirements to modelrobot_pkg_g07.egg-info/requires.txt
[2.147s] writing top-level names to modelrobot_pkg_g07.egg-info/top_level.txt
[2.147s] reading manifest file 'modelrobot_pkg_g07.egg-info/SOURCES.txt'
[2.147s] writing manifest file 'modelrobot_pkg_g07.egg-info/SOURCES.txt'
[2.147s] running build_ext
[2.148s] Creating /home/diego/ros2_ws/install/modelrobot_pkg_g07/lib/python3.10/site-packages/modelrobot-pkg-g07.egg-link (link to .)
[2.152s] 
[2.152s] Installed /home/diego/ros2_ws/build/modelrobot_pkg_g07
[2.152s] running install_data
[2.152s] copying model/MS3R.urdf.xacro -> /home/diego/ros2_ws/install/modelrobot_pkg_g07/share/modelrobot_pkg_g07/model
[2.227s] Invoked command in '/home/diego/ros2_ws/build/modelrobot_pkg_g07' returned '0': PYTHONPATH=/home/diego/ros2_ws/build/modelrobot_pkg_g07/prefix_override:/home/diego/ros2_ws/install/modelrobot_pkg_g07/lib/python3.10/site-packages:${PYTHONPATH} /usr/bin/python3 setup.py develop --editable --build-directory /home/diego/ros2_ws/build/modelrobot_pkg_g07/build --no-deps install_data
