[2.378s] DEBUG:colcon:Command line arguments: ['/usr/bin/colcon', 'build', '--symlink-install']
[2.378s] DEBUG:colcon:Parsed command line arguments: Namespace(log_base=None, log_level=None, verb_name='build', build_base='build', install_base='install', merge_install=False, symlink_install=True, test_result_base=None, continue_on_error=False, executor='parallel', parallel_workers=6, event_handlers=None, ignore_user_meta=False, metas=['./colcon.meta'], base_paths=['.'], packages_ignore=None, packages_ignore_regex=None, paths=None, packages_up_to=None, packages_up_to_regex=None, packages_above=None, packages_above_and_dependencies=None, packages_above_depth=None, packages_select_by_dep=None, packages_skip_by_dep=None, packages_skip_up_to=None, packages_select_build_failed=False, packages_skip_build_finished=False, packages_select_test_failures=False, packages_skip_test_passed=False, packages_select=None, packages_skip=None, packages_select_regex=None, packages_skip_regex=None, packages_start=None, packages_end=None, allow_overriding=[], cmake_args=None, cmake_target=None, cmake_target_skip_unavailable=False, cmake_clean_cache=False, cmake_clean_first=False, cmake_force_configure=False, ament_cmake_args=None, catkin_cmake_args=None, catkin_skip_building_tests=False, verb_parser=<colcon_defaults.argument_parser.defaults.DefaultArgumentsDecorator object at 0x7fac4f69fd90>, verb_extension=<colcon_core.verb.build.BuildVerb object at 0x7fac4fedbb80>, main=<bound method BuildVerb.main of <colcon_core.verb.build.BuildVerb object at 0x7fac4fedbb80>>)
[2.640s] Level 1:colcon.colcon_core.package_discovery:discover_packages(colcon_meta) check parameters
[2.640s] Level 1:colcon.colcon_core.package_discovery:discover_packages(recursive) check parameters
[2.640s] Level 1:colcon.colcon_core.package_discovery:discover_packages(ignore) check parameters
[2.640s] Level 1:colcon.colcon_core.package_discovery:discover_packages(path) check parameters
[2.640s] Level 1:colcon.colcon_core.package_discovery:discover_packages(colcon_meta) discover
[2.641s] Level 1:colcon.colcon_core.package_discovery:discover_packages(recursive) discover
[2.641s] INFO:colcon.colcon_core.package_discovery:Crawling recursively for packages in '/home/diego/ros2_ws'
[2.641s] Level 1:colcon.colcon_core.package_identification:_identify(.) by extensions ['ignore', 'ignore_ament_install']
[2.642s] Level 1:colcon.colcon_core.package_identification:_identify(.) by extension 'ignore'
[2.642s] Level 1:colcon.colcon_core.package_identification:_identify(.) by extension 'ignore_ament_install'
[2.642s] Level 1:colcon.colcon_core.package_identification:_identify(.) by extensions ['colcon_pkg']
[2.642s] Level 1:colcon.colcon_core.package_identification:_identify(.) by extension 'colcon_pkg'
[2.642s] Level 1:colcon.colcon_core.package_identification:_identify(.) by extensions ['colcon_meta']
[2.642s] Level 1:colcon.colcon_core.package_identification:_identify(.) by extension 'colcon_meta'
[2.642s] Level 1:colcon.colcon_core.package_identification:_identify(.) by extensions ['ros']
[2.642s] Level 1:colcon.colcon_core.package_identification:_identify(.) by extension 'ros'
[2.692s] Level 1:colcon.colcon_core.package_identification:_identify(.) by extensions ['cmake', 'python']
[2.693s] Level 1:colcon.colcon_core.package_identification:_identify(.) by extension 'cmake'
[2.693s] Level 1:colcon.colcon_core.package_identification:_identify(.) by extension 'python'
[2.693s] Level 1:colcon.colcon_core.package_identification:_identify(.) by extensions ['python_setup_py']
[2.694s] Level 1:colcon.colcon_core.package_identification:_identify(.) by extension 'python_setup_py'
[2.695s] Level 1:colcon.colcon_core.package_identification:_identify(build) by extensions ['ignore', 'ignore_ament_install']
[2.696s] Level 1:colcon.colcon_core.package_identification:_identify(build) by extension 'ignore'
[2.696s] Level 1:colcon.colcon_core.package_identification:_identify(build) ignored
[2.697s] Level 1:colcon.colcon_core.package_identification:_identify(install) by extensions ['ignore', 'ignore_ament_install']
[2.698s] Level 1:colcon.colcon_core.package_identification:_identify(install) by extension 'ignore'
[2.698s] Level 1:colcon.colcon_core.package_identification:_identify(install) ignored
[2.698s] Level 1:colcon.colcon_core.package_identification:_identify(log) by extensions ['ignore', 'ignore_ament_install']
[2.699s] Level 1:colcon.colcon_core.package_identification:_identify(log) by extension 'ignore'
[2.699s] Level 1:colcon.colcon_core.package_identification:_identify(log) ignored
[2.699s] Level 1:colcon.colcon_core.package_identification:_identify(src) by extensions ['ignore', 'ignore_ament_install']
[2.699s] Level 1:colcon.colcon_core.package_identification:_identify(src) by extension 'ignore'
[2.700s] Level 1:colcon.colcon_core.package_identification:_identify(src) by extension 'ignore_ament_install'
[2.700s] Level 1:colcon.colcon_core.package_identification:_identify(src) by extensions ['colcon_pkg']
[2.700s] Level 1:colcon.colcon_core.package_identification:_identify(src) by extension 'colcon_pkg'
[2.700s] Level 1:colcon.colcon_core.package_identification:_identify(src) by extensions ['colcon_meta']
[2.700s] Level 1:colcon.colcon_core.package_identification:_identify(src) by extension 'colcon_meta'
[2.700s] Level 1:colcon.colcon_core.package_identification:_identify(src) by extensions ['ros']
[2.700s] Level 1:colcon.colcon_core.package_identification:_identify(src) by extension 'ros'
[2.701s] Level 1:colcon.colcon_core.package_identification:_identify(src) by extensions ['cmake', 'python']
[2.701s] Level 1:colcon.colcon_core.package_identification:_identify(src) by extension 'cmake'
[2.701s] Level 1:colcon.colcon_core.package_identification:_identify(src) by extension 'python'
[2.701s] Level 1:colcon.colcon_core.package_identification:_identify(src) by extensions ['python_setup_py']
[2.701s] Level 1:colcon.colcon_core.package_identification:_identify(src) by extension 'python_setup_py'
[2.702s] Level 1:colcon.colcon_core.package_identification:_identify(src/launch_pkg_g07) by extensions ['ignore', 'ignore_ament_install']
[2.702s] Level 1:colcon.colcon_core.package_identification:_identify(src/launch_pkg_g07) by extension 'ignore'
[2.702s] Level 1:colcon.colcon_core.package_identification:_identify(src/launch_pkg_g07) by extension 'ignore_ament_install'
[2.705s] Level 1:colcon.colcon_core.package_identification:_identify(src/launch_pkg_g07) by extensions ['colcon_pkg']
[2.705s] Level 1:colcon.colcon_core.package_identification:_identify(src/launch_pkg_g07) by extension 'colcon_pkg'
[2.705s] Level 1:colcon.colcon_core.package_identification:_identify(src/launch_pkg_g07) by extensions ['colcon_meta']
[2.705s] Level 1:colcon.colcon_core.package_identification:_identify(src/launch_pkg_g07) by extension 'colcon_meta'
[2.705s] Level 1:colcon.colcon_core.package_identification:_identify(src/launch_pkg_g07) by extensions ['ros']
[2.705s] Level 1:colcon.colcon_core.package_identification:_identify(src/launch_pkg_g07) by extension 'ros'
[2.731s] DEBUG:colcon.colcon_core.package_identification:Package 'src/launch_pkg_g07' with type 'ros.ament_python' and name 'launch_pkg_g07'
[2.732s] Level 1:colcon.colcon_core.package_identification:_identify(src/modelrobot_pkg_g07) by extensions ['ignore', 'ignore_ament_install']
[2.733s] Level 1:colcon.colcon_core.package_identification:_identify(src/modelrobot_pkg_g07) by extension 'ignore'
[2.734s] Level 1:colcon.colcon_core.package_identification:_identify(src/modelrobot_pkg_g07) by extension 'ignore_ament_install'
[2.735s] Level 1:colcon.colcon_core.package_identification:_identify(src/modelrobot_pkg_g07) by extensions ['colcon_pkg']
[2.735s] Level 1:colcon.colcon_core.package_identification:_identify(src/modelrobot_pkg_g07) by extension 'colcon_pkg'
[2.735s] Level 1:colcon.colcon_core.package_identification:_identify(src/modelrobot_pkg_g07) by extensions ['colcon_meta']
[2.736s] Level 1:colcon.colcon_core.package_identification:_identify(src/modelrobot_pkg_g07) by extension 'colcon_meta'
[2.736s] Level 1:colcon.colcon_core.package_identification:_identify(src/modelrobot_pkg_g07) by extensions ['ros']
[2.736s] Level 1:colcon.colcon_core.package_identification:_identify(src/modelrobot_pkg_g07) by extension 'ros'
[2.739s] DEBUG:colcon.colcon_core.package_identification:Package 'src/modelrobot_pkg_g07' with type 'ros.ament_python' and name 'modelrobot_pkg_g07'
[2.739s] Level 1:colcon.colcon_core.package_discovery:discover_packages(recursive) using defaults
[2.739s] Level 1:colcon.colcon_core.package_discovery:discover_packages(ignore) discover
[2.739s] Level 1:colcon.colcon_core.package_discovery:discover_packages(ignore) using defaults
[2.739s] Level 1:colcon.colcon_core.package_discovery:discover_packages(path) discover
[2.739s] Level 1:colcon.colcon_core.package_discovery:discover_packages(path) using defaults
[2.842s] Level 1:colcon.colcon_core.package_discovery:discover_packages(prefix_path) check parameters
[2.842s] Level 1:colcon.colcon_core.package_discovery:discover_packages(prefix_path) discover
[2.857s] DEBUG:colcon.colcon_installed_package_information.package_discovery:Found 2 installed packages in /home/diego/ros2_ws/install
[2.862s] DEBUG:colcon.colcon_installed_package_information.package_discovery:Found 280 installed packages in /opt/ros/humble
[2.866s] Level 1:colcon.colcon_core.package_discovery:discover_packages(prefix_path) using defaults
[3.020s] Level 5:colcon.colcon_core.verb:set package 'launch_pkg_g07' build argument 'cmake_args' from command line to 'None'
[3.021s] Level 5:colcon.colcon_core.verb:set package 'launch_pkg_g07' build argument 'cmake_target' from command line to 'None'
[3.022s] Level 5:colcon.colcon_core.verb:set package 'launch_pkg_g07' build argument 'cmake_target_skip_unavailable' from command line to 'False'
[3.022s] Level 5:colcon.colcon_core.verb:set package 'launch_pkg_g07' build argument 'cmake_clean_cache' from command line to 'False'
[3.022s] Level 5:colcon.colcon_core.verb:set package 'launch_pkg_g07' build argument 'cmake_clean_first' from command line to 'False'
[3.022s] Level 5:colcon.colcon_core.verb:set package 'launch_pkg_g07' build argument 'cmake_force_configure' from command line to 'False'
[3.022s] Level 5:colcon.colcon_core.verb:set package 'launch_pkg_g07' build argument 'ament_cmake_args' from command line to 'None'
[3.022s] Level 5:colcon.colcon_core.verb:set package 'launch_pkg_g07' build argument 'catkin_cmake_args' from command line to 'None'
[3.023s] Level 5:colcon.colcon_core.verb:set package 'launch_pkg_g07' build argument 'catkin_skip_building_tests' from command line to 'False'
[3.023s] DEBUG:colcon.colcon_core.verb:Building package 'launch_pkg_g07' with the following arguments: {'ament_cmake_args': None, 'build_base': '/home/diego/ros2_ws/build/launch_pkg_g07', 'catkin_cmake_args': None, 'catkin_skip_building_tests': False, 'cmake_args': None, 'cmake_clean_cache': False, 'cmake_clean_first': False, 'cmake_force_configure': False, 'cmake_target': None, 'cmake_target_skip_unavailable': False, 'install_base': '/home/diego/ros2_ws/install/launch_pkg_g07', 'merge_install': False, 'path': '/home/diego/ros2_ws/src/launch_pkg_g07', 'symlink_install': True, 'test_result_base': None}
[3.025s] Level 5:colcon.colcon_core.verb:set package 'modelrobot_pkg_g07' build argument 'cmake_args' from command line to 'None'
[3.025s] Level 5:colcon.colcon_core.verb:set package 'modelrobot_pkg_g07' build argument 'cmake_target' from command line to 'None'
[3.025s] Level 5:colcon.colcon_core.verb:set package 'modelrobot_pkg_g07' build argument 'cmake_target_skip_unavailable' from command line to 'False'
[3.025s] Level 5:colcon.colcon_core.verb:set package 'modelrobot_pkg_g07' build argument 'cmake_clean_cache' from command line to 'False'
[3.025s] Level 5:colcon.colcon_core.verb:set package 'modelrobot_pkg_g07' build argument 'cmake_clean_first' from command line to 'False'
[3.025s] Level 5:colcon.colcon_core.verb:set package 'modelrobot_pkg_g07' build argument 'cmake_force_configure' from command line to 'False'
[3.025s] Level 5:colcon.colcon_core.verb:set package 'modelrobot_pkg_g07' build argument 'ament_cmake_args' from command line to 'None'
[3.025s] Level 5:colcon.colcon_core.verb:set package 'modelrobot_pkg_g07' build argument 'catkin_cmake_args' from command line to 'None'
[3.025s] Level 5:colcon.colcon_core.verb:set package 'modelrobot_pkg_g07' build argument 'catkin_skip_building_tests' from command line to 'False'
[3.025s] DEBUG:colcon.colcon_core.verb:Building package 'modelrobot_pkg_g07' with the following arguments: {'ament_cmake_args': None, 'build_base': '/home/diego/ros2_ws/build/modelrobot_pkg_g07', 'catkin_cmake_args': None, 'catkin_skip_building_tests': False, 'cmake_args': None, 'cmake_clean_cache': False, 'cmake_clean_first': False, 'cmake_force_configure': False, 'cmake_target': None, 'cmake_target_skip_unavailable': False, 'install_base': '/home/diego/ros2_ws/install/modelrobot_pkg_g07', 'merge_install': False, 'path': '/home/diego/ros2_ws/src/modelrobot_pkg_g07', 'symlink_install': True, 'test_result_base': None}
[3.027s] INFO:colcon.colcon_core.executor:Executing jobs using 'parallel' executor
[3.037s] DEBUG:colcon.colcon_parallel_executor.executor.parallel:run_until_complete
[3.038s] INFO:colcon.colcon_ros.task.ament_python.build:Building ROS package in '/home/diego/ros2_ws/src/launch_pkg_g07' with build type 'ament_python'
[3.039s] Level 1:colcon.colcon_core.shell:create_environment_hook('launch_pkg_g07', 'ament_prefix_path')
[3.211s] INFO:colcon.colcon_core.plugin_system:Skipping extension 'colcon_core.shell.bat': Not used on non-Windows systems
[3.212s] INFO:colcon.colcon_core.shell:Creating environment hook '/home/diego/ros2_ws/install/launch_pkg_g07/share/launch_pkg_g07/hook/ament_prefix_path.ps1'
[3.245s] INFO:colcon.colcon_core.shell:Creating environment descriptor '/home/diego/ros2_ws/install/launch_pkg_g07/share/launch_pkg_g07/hook/ament_prefix_path.dsv'
[3.271s] INFO:colcon.colcon_core.shell:Creating environment hook '/home/diego/ros2_ws/install/launch_pkg_g07/share/launch_pkg_g07/hook/ament_prefix_path.sh'
[3.277s] INFO:colcon.colcon_core.shell:Skip shell extension 'powershell' for command environment: Not usable outside of PowerShell
[3.277s] DEBUG:colcon.colcon_core.shell:Skip shell extension 'dsv' for command environment
[3.376s] INFO:colcon.colcon_ros.task.ament_python.build:Building ROS package in '/home/diego/ros2_ws/src/modelrobot_pkg_g07' with build type 'ament_python'
[3.376s] Level 1:colcon.colcon_core.shell:create_environment_hook('modelrobot_pkg_g07', 'ament_prefix_path')
[3.383s] INFO:colcon.colcon_core.shell:Creating environment hook '/home/diego/ros2_ws/install/modelrobot_pkg_g07/share/modelrobot_pkg_g07/hook/ament_prefix_path.ps1'
[3.386s] INFO:colcon.colcon_core.shell:Creating environment descriptor '/home/diego/ros2_ws/install/modelrobot_pkg_g07/share/modelrobot_pkg_g07/hook/ament_prefix_path.dsv'
[3.387s] INFO:colcon.colcon_core.shell:Creating environment hook '/home/diego/ros2_ws/install/modelrobot_pkg_g07/share/modelrobot_pkg_g07/hook/ament_prefix_path.sh'
[3.394s] INFO:colcon.colcon_core.shell:Skip shell extension 'powershell' for command environment: Not usable outside of PowerShell
[3.395s] DEBUG:colcon.colcon_core.shell:Skip shell extension 'dsv' for command environment
[4.654s] INFO:colcon.colcon_core.task.python.build:Building Python package in '/home/diego/ros2_ws/src/launch_pkg_g07'
[4.657s] INFO:colcon.colcon_core.shell:Skip shell extension 'powershell' for command environment: Not usable outside of PowerShell
[4.657s] DEBUG:colcon.colcon_core.shell:Skip shell extension 'dsv' for command environment
[5.112s] INFO:colcon.colcon_core.task.python.build:Building Python package in '/home/diego/ros2_ws/src/modelrobot_pkg_g07'
[5.132s] INFO:colcon.colcon_core.shell:Skip shell extension 'powershell' for command environment: Not usable outside of PowerShell
[5.132s] DEBUG:colcon.colcon_core.shell:Skip shell extension 'dsv' for command environment
[6.508s] DEBUG:colcon.colcon_core.event_handler.log_command:Invoking command in '/home/diego/ros2_ws/build/launch_pkg_g07': PYTHONPATH=/home/diego/ros2_ws/build/launch_pkg_g07/prefix_override:/home/diego/ros2_ws/install/launch_pkg_g07/lib/python3.10/site-packages:${PYTHONPATH} /usr/bin/python3 setup.py develop --editable --build-directory /home/diego/ros2_ws/build/launch_pkg_g07/build --no-deps install_data
[6.542s] DEBUG:colcon.colcon_core.event_handler.log_command:Invoking command in '/home/diego/ros2_ws/build/modelrobot_pkg_g07': PYTHONPATH=/home/diego/ros2_ws/build/modelrobot_pkg_g07/prefix_override:/home/diego/ros2_ws/install/modelrobot_pkg_g07/lib/python3.10/site-packages:${PYTHONPATH} /usr/bin/python3 setup.py develop --editable --build-directory /home/diego/ros2_ws/build/modelrobot_pkg_g07/build --no-deps install_data
[7.457s] Level 1:colcon.colcon_core.shell:create_environment_hook('launch_pkg_g07', 'pythonpath_develop')
[7.463s] INFO:colcon.colcon_core.shell:Creating environment hook '/home/diego/ros2_ws/build/launch_pkg_g07/share/launch_pkg_g07/hook/pythonpath_develop.ps1'
[7.472s] INFO:colcon.colcon_core.shell:Creating environment descriptor '/home/diego/ros2_ws/build/launch_pkg_g07/share/launch_pkg_g07/hook/pythonpath_develop.dsv'
[7.474s] DEBUG:colcon.colcon_core.event_handler.log_command:Invoked command in '/home/diego/ros2_ws/build/launch_pkg_g07' returned '0': PYTHONPATH=/home/diego/ros2_ws/build/launch_pkg_g07/prefix_override:/home/diego/ros2_ws/install/launch_pkg_g07/lib/python3.10/site-packages:${PYTHONPATH} /usr/bin/python3 setup.py develop --editable --build-directory /home/diego/ros2_ws/build/launch_pkg_g07/build --no-deps install_data
[7.478s] INFO:colcon.colcon_core.shell:Creating environment hook '/home/diego/ros2_ws/build/launch_pkg_g07/share/launch_pkg_g07/hook/pythonpath_develop.sh'
[7.674s] Level 1:colcon.colcon_core.environment:checking '/home/diego/ros2_ws/install/launch_pkg_g07' for CMake module files
[7.675s] Level 1:colcon.colcon_core.environment:checking '/home/diego/ros2_ws/install/launch_pkg_g07' for CMake config files
[7.677s] Level 1:colcon.colcon_core.environment:checking '/home/diego/ros2_ws/install/launch_pkg_g07/lib'
[7.679s] Level 1:colcon.colcon_core.environment:checking '/home/diego/ros2_ws/install/launch_pkg_g07/bin'
[7.680s] Level 1:colcon.colcon_core.environment:checking '/home/diego/ros2_ws/install/launch_pkg_g07/lib/pkgconfig/launch_pkg_g07.pc'
[7.681s] Level 1:colcon.colcon_core.environment:checking '/home/diego/ros2_ws/install/launch_pkg_g07/lib/python3.10/site-packages'
[7.682s] Level 1:colcon.colcon_core.shell:create_environment_hook('launch_pkg_g07', 'pythonpath')
[7.688s] INFO:colcon.colcon_core.shell:Creating environment hook '/home/diego/ros2_ws/install/launch_pkg_g07/share/launch_pkg_g07/hook/pythonpath.ps1'
[7.691s] INFO:colcon.colcon_core.shell:Creating environment descriptor '/home/diego/ros2_ws/install/launch_pkg_g07/share/launch_pkg_g07/hook/pythonpath.dsv'
[7.696s] INFO:colcon.colcon_core.shell:Creating environment hook '/home/diego/ros2_ws/install/launch_pkg_g07/share/launch_pkg_g07/hook/pythonpath.sh'
[7.698s] Level 1:colcon.colcon_core.environment:checking '/home/diego/ros2_ws/install/launch_pkg_g07/bin'
[7.699s] Level 1:colcon.colcon_core.environment:create_environment_scripts_only(launch_pkg_g07)
[7.702s] INFO:colcon.colcon_core.shell:Creating package script '/home/diego/ros2_ws/install/launch_pkg_g07/share/launch_pkg_g07/package.ps1'
[7.726s] INFO:colcon.colcon_core.shell:Creating package descriptor '/home/diego/ros2_ws/install/launch_pkg_g07/share/launch_pkg_g07/package.dsv'
[7.753s] INFO:colcon.colcon_core.shell:Creating package script '/home/diego/ros2_ws/install/launch_pkg_g07/share/launch_pkg_g07/package.sh'
[7.792s] INFO:colcon.colcon_core.shell:Creating package script '/home/diego/ros2_ws/install/launch_pkg_g07/share/launch_pkg_g07/package.bash'
[7.802s] INFO:colcon.colcon_core.shell:Creating package script '/home/diego/ros2_ws/install/launch_pkg_g07/share/launch_pkg_g07/package.zsh'
[7.819s] Level 1:colcon.colcon_core.environment:create_file_with_runtime_dependencies(/home/diego/ros2_ws/install/launch_pkg_g07/share/colcon-core/packages/launch_pkg_g07)
[7.844s] Level 1:colcon.colcon_core.shell:create_environment_hook('modelrobot_pkg_g07', 'pythonpath_develop')
[7.851s] INFO:colcon.colcon_core.shell:Creating environment hook '/home/diego/ros2_ws/build/modelrobot_pkg_g07/share/modelrobot_pkg_g07/hook/pythonpath_develop.ps1'
[7.858s] INFO:colcon.colcon_core.shell:Creating environment descriptor '/home/diego/ros2_ws/build/modelrobot_pkg_g07/share/modelrobot_pkg_g07/hook/pythonpath_develop.dsv'
[7.881s] DEBUG:colcon.colcon_core.event_handler.log_command:Invoked command in '/home/diego/ros2_ws/build/modelrobot_pkg_g07' returned '0': PYTHONPATH=/home/diego/ros2_ws/build/modelrobot_pkg_g07/prefix_override:/home/diego/ros2_ws/install/modelrobot_pkg_g07/lib/python3.10/site-packages:${PYTHONPATH} /usr/bin/python3 setup.py develop --editable --build-directory /home/diego/ros2_ws/build/modelrobot_pkg_g07/build --no-deps install_data
[7.893s] INFO:colcon.colcon_core.shell:Creating environment hook '/home/diego/ros2_ws/build/modelrobot_pkg_g07/share/modelrobot_pkg_g07/hook/pythonpath_develop.sh'
[7.908s] Level 1:colcon.colcon_core.environment:checking '/home/diego/ros2_ws/install/modelrobot_pkg_g07' for CMake module files
[7.912s] Level 1:colcon.colcon_core.environment:checking '/home/diego/ros2_ws/install/modelrobot_pkg_g07' for CMake config files
[7.914s] Level 1:colcon.colcon_core.environment:checking '/home/diego/ros2_ws/install/modelrobot_pkg_g07/lib'
[7.915s] Level 1:colcon.colcon_core.environment:checking '/home/diego/ros2_ws/install/modelrobot_pkg_g07/bin'
[7.915s] Level 1:colcon.colcon_core.environment:checking '/home/diego/ros2_ws/install/modelrobot_pkg_g07/lib/pkgconfig/modelrobot_pkg_g07.pc'
[7.915s] Level 1:colcon.colcon_core.environment:checking '/home/diego/ros2_ws/install/modelrobot_pkg_g07/lib/python3.10/site-packages'
[7.916s] Level 1:colcon.colcon_core.shell:create_environment_hook('modelrobot_pkg_g07', 'pythonpath')
[7.920s] INFO:colcon.colcon_core.shell:Creating environment hook '/home/diego/ros2_ws/install/modelrobot_pkg_g07/share/modelrobot_pkg_g07/hook/pythonpath.ps1'
[7.922s] INFO:colcon.colcon_core.shell:Creating environment descriptor '/home/diego/ros2_ws/install/modelrobot_pkg_g07/share/modelrobot_pkg_g07/hook/pythonpath.dsv'
[7.923s] INFO:colcon.colcon_core.shell:Creating environment hook '/home/diego/ros2_ws/install/modelrobot_pkg_g07/share/modelrobot_pkg_g07/hook/pythonpath.sh'
[7.925s] Level 1:colcon.colcon_core.environment:checking '/home/diego/ros2_ws/install/modelrobot_pkg_g07/bin'
[7.925s] Level 1:colcon.colcon_core.environment:create_environment_scripts_only(modelrobot_pkg_g07)
[7.932s] INFO:colcon.colcon_core.shell:Creating package script '/home/diego/ros2_ws/install/modelrobot_pkg_g07/share/modelrobot_pkg_g07/package.ps1'
[7.936s] INFO:colcon.colcon_core.shell:Creating package descriptor '/home/diego/ros2_ws/install/modelrobot_pkg_g07/share/modelrobot_pkg_g07/package.dsv'
[7.942s] INFO:colcon.colcon_core.shell:Creating package script '/home/diego/ros2_ws/install/modelrobot_pkg_g07/share/modelrobot_pkg_g07/package.sh'
[7.950s] INFO:colcon.colcon_core.shell:Creating package script '/home/diego/ros2_ws/install/modelrobot_pkg_g07/share/modelrobot_pkg_g07/package.bash'
[7.971s] INFO:colcon.colcon_core.shell:Creating package script '/home/diego/ros2_ws/install/modelrobot_pkg_g07/share/modelrobot_pkg_g07/package.zsh'
[7.988s] Level 1:colcon.colcon_core.environment:create_file_with_runtime_dependencies(/home/diego/ros2_ws/install/modelrobot_pkg_g07/share/colcon-core/packages/modelrobot_pkg_g07)
[7.998s] DEBUG:colcon.colcon_parallel_executor.executor.parallel:closing loop
[8.023s] DEBUG:colcon.colcon_parallel_executor.executor.parallel:loop closed
[8.024s] DEBUG:colcon.colcon_parallel_executor.executor.parallel:run_until_complete finished with '0'
[8.024s] DEBUG:colcon.colcon_core.event_reactor:joining thread
[8.177s] INFO:colcon.colcon_core.plugin_system:Skipping extension 'colcon_notification.desktop_notification.terminal_notifier': Not used on non-Darwin systems
[8.178s] INFO:colcon.colcon_core.plugin_system:Skipping extension 'colcon_notification.desktop_notification.win32': Not used on non-Windows systems
[8.179s] INFO:colcon.colcon_notification.desktop_notification:Sending desktop notification using 'notify2'
[8.435s] DEBUG:colcon.colcon_core.event_reactor:joined thread
[8.437s] INFO:colcon.colcon_core.shell:Creating prefix script '/home/diego/ros2_ws/install/local_setup.ps1'
[8.441s] INFO:colcon.colcon_core.shell:Creating prefix util module '/home/diego/ros2_ws/install/_local_setup_util_ps1.py'
[8.444s] INFO:colcon.colcon_core.shell:Creating prefix chain script '/home/diego/ros2_ws/install/setup.ps1'
[8.458s] INFO:colcon.colcon_core.shell:Creating prefix script '/home/diego/ros2_ws/install/local_setup.sh'
[8.465s] INFO:colcon.colcon_core.shell:Creating prefix util module '/home/diego/ros2_ws/install/_local_setup_util_sh.py'
[8.467s] INFO:colcon.colcon_core.shell:Creating prefix chain script '/home/diego/ros2_ws/install/setup.sh'
[8.490s] INFO:colcon.colcon_core.shell:Creating prefix script '/home/diego/ros2_ws/install/local_setup.bash'
[8.521s] INFO:colcon.colcon_core.shell:Creating prefix chain script '/home/diego/ros2_ws/install/setup.bash'
[8.528s] INFO:colcon.colcon_core.shell:Creating prefix script '/home/diego/ros2_ws/install/local_setup.zsh'
[8.532s] INFO:colcon.colcon_core.shell:Creating prefix chain script '/home/diego/ros2_ws/install/setup.zsh'
