[3.862s] Invoking command in '/home/diego/ros2_ws/build/modelrobot_pkg_g07': PYTHONPATH=/home/diego/ros2_ws/build/modelrobot_pkg_g07/prefix_override:/home/diego/ros2_ws/install/modelrobot_pkg_g07/lib/python3.10/site-packages:${PYTHONPATH} /usr/bin/python3 setup.py develop --editable --build-directory /home/diego/ros2_ws/build/modelrobot_pkg_g07/build --no-deps install_data
[4.605s] running develop
[4.608s] /usr/lib/python3/dist-packages/setuptools/command/easy_install.py:158: EasyInstallDeprecationWarning: easy_install command is deprecated. Use build and pip and other standards-based tools.
[4.609s]   warnings.warn(
[4.614s] /usr/lib/python3/dist-packages/setuptools/command/install.py:34: SetuptoolsDeprecationWarning: setup.py install is deprecated. Use build and pip and other standards-based tools.
[4.615s]   warnings.warn(
[5.231s] running egg_info
[5.232s] writing modelrobot_pkg_g07.egg-info/PKG-INFO
[5.233s] writing dependency_links to modelrobot_pkg_g07.egg-info/dependency_links.txt
[5.234s] writing entry points to modelrobot_pkg_g07.egg-info/entry_points.txt
[5.291s] writing requirements to modelrobot_pkg_g07.egg-info/requires.txt
[5.291s] writing top-level names to modelrobot_pkg_g07.egg-info/top_level.txt
[5.291s] reading manifest file 'modelrobot_pkg_g07.egg-info/SOURCES.txt'
[5.291s] writing manifest file 'modelrobot_pkg_g07.egg-info/SOURCES.txt'
[5.291s] running build_ext
[5.291s] Creating /home/diego/ros2_ws/install/modelrobot_pkg_g07/lib/python3.10/site-packages/modelrobot-pkg-g07.egg-link (link to .)
[5.291s] 
[5.292s] Installed /home/diego/ros2_ws/build/modelrobot_pkg_g07
[5.292s] running install_data
[5.292s] copying model/MS3R.urdf.xacro -> /home/diego/ros2_ws/install/modelrobot_pkg_g07/share/modelrobot_pkg_g07/model
[5.479s] Invoked command in '/home/diego/ros2_ws/build/modelrobot_pkg_g07' returned '0': PYTHONPATH=/home/diego/ros2_ws/build/modelrobot_pkg_g07/prefix_override:/home/diego/ros2_ws/install/modelrobot_pkg_g07/lib/python3.10/site-packages:${PYTHONPATH} /usr/bin/python3 setup.py develop --editable --build-directory /home/diego/ros2_ws/build/modelrobot_pkg_g07/build --no-deps install_data
