[2.339s] Invoking command in '/home/diego/ros2_ws/build/modelrobot_pkg_g07': PYTHONPATH=/home/diego/ros2_ws/build/modelrobot_pkg_g07/prefix_override:/home/diego/ros2_ws/install/modelrobot_pkg_g07/lib/python3.10/site-packages:${PYTHONPATH} /usr/bin/python3 setup.py develop --editable --build-directory /home/diego/ros2_ws/build/modelrobot_pkg_g07/build --no-deps install_data
[3.102s] running develop
[3.102s] /usr/lib/python3/dist-packages/setuptools/command/easy_install.py:158: EasyInstallDeprecationWarning: easy_install command is deprecated. Use build and pip and other standards-based tools.
[3.104s]   warnings.warn(
[3.106s] /usr/lib/python3/dist-packages/setuptools/command/install.py:34: SetuptoolsDeprecationWarning: setup.py install is deprecated. Use build and pip and other standards-based tools.
[3.107s]   warnings.warn(
[3.470s] running egg_info
[3.471s] writing modelrobot_pkg_g07.egg-info/PKG-INFO
[3.471s] writing dependency_links to modelrobot_pkg_g07.egg-info/dependency_links.txt
[3.512s] writing entry points to modelrobot_pkg_g07.egg-info/entry_points.txt
[3.512s] writing requirements to modelrobot_pkg_g07.egg-info/requires.txt
[3.512s] writing top-level names to modelrobot_pkg_g07.egg-info/top_level.txt
[3.514s] reading manifest file 'modelrobot_pkg_g07.egg-info/SOURCES.txt'
[3.514s] writing manifest file 'modelrobot_pkg_g07.egg-info/SOURCES.txt'
[3.517s] running build_ext
[3.517s] Creating /home/diego/ros2_ws/install/modelrobot_pkg_g07/lib/python3.10/site-packages/modelrobot-pkg-g07.egg-link (link to .)
[3.519s] 
[3.519s] Installed /home/diego/ros2_ws/build/modelrobot_pkg_g07
[3.519s] running install_data
[3.519s] copying model/robot_car_g07.urdf.xacro -> /home/diego/ros2_ws/install/modelrobot_pkg_g07/share/modelrobot_pkg_g07/model
[3.662s] Invoked command in '/home/diego/ros2_ws/build/modelrobot_pkg_g07' returned '0': PYTHONPATH=/home/diego/ros2_ws/build/modelrobot_pkg_g07/prefix_override:/home/diego/ros2_ws/install/modelrobot_pkg_g07/lib/python3.10/site-packages:${PYTHONPATH} /usr/bin/python3 setup.py develop --editable --build-directory /home/diego/ros2_ws/build/modelrobot_pkg_g07/build --no-deps install_data
