[2.081s] Invoking command in '/home/diego/ros2_ws/build/launch_pkg_g07': PYTHONPATH=/home/diego/ros2_ws/build/launch_pkg_g07/prefix_override:/home/diego/ros2_ws/install/launch_pkg_g07/lib/python3.10/site-packages:${PYTHONPATH} /usr/bin/python3 setup.py develop --editable --build-directory /home/diego/ros2_ws/build/launch_pkg_g07/build --no-deps install_data
[2.401s] /usr/lib/python3/dist-packages/setuptools/command/easy_install.py:158: EasyInstallDeprecationWarning: easy_install command is deprecated. Use build and pip and other standards-based tools.
[2.401s]   warnings.warn(
[2.401s] /usr/lib/python3/dist-packages/setuptools/command/install.py:34: SetuptoolsDeprecationWarning: setup.py install is deprecated. Use build and pip and other standards-based tools.
[2.402s]   warnings.warn(
[2.402s] running develop
[2.647s] running egg_info
[2.648s] writing launch_pkg_g07.egg-info/PKG-INFO
[2.648s] writing dependency_links to launch_pkg_g07.egg-info/dependency_links.txt
[2.648s] writing entry points to launch_pkg_g07.egg-info/entry_points.txt
[2.649s] writing requirements to launch_pkg_g07.egg-info/requires.txt
[2.649s] writing top-level names to launch_pkg_g07.egg-info/top_level.txt
[2.659s] reading manifest file 'launch_pkg_g07.egg-info/SOURCES.txt'
[2.688s] writing manifest file 'launch_pkg_g07.egg-info/SOURCES.txt'
[2.689s] running build_ext
[2.690s] Creating /home/diego/ros2_ws/install/launch_pkg_g07/lib/python3.10/site-packages/launch-pkg-g07.egg-link (link to .)
[2.690s] 
[2.690s] Installed /home/diego/ros2_ws/build/launch_pkg_g07
[2.690s] running install_data
[2.794s] Invoked command in '/home/diego/ros2_ws/build/launch_pkg_g07' returned '0': PYTHONPATH=/home/diego/ros2_ws/build/launch_pkg_g07/prefix_override:/home/diego/ros2_ws/install/launch_pkg_g07/lib/python3.10/site-packages:${PYTHONPATH} /usr/bin/python3 setup.py develop --editable --build-directory /home/diego/ros2_ws/build/launch_pkg_g07/build --no-deps install_data
