[1.252s] Invoking command in '/home/diego/ros2_ws/build/modelrobot_pkg_g07': PYTHONPATH=/home/diego/ros2_ws/build/modelrobot_pkg_g07/prefix_override:/home/diego/ros2_ws/install/modelrobot_pkg_g07/lib/python3.10/site-packages:${PYTHONPATH} /usr/bin/python3 setup.py develop --editable --build-directory /home/diego/ros2_ws/build/modelrobot_pkg_g07/build --no-deps install_data
[1.589s] running develop
[1.589s] /usr/lib/python3/dist-packages/setuptools/command/easy_install.py:158: EasyInstallDeprecationWarning: easy_install command is deprecated. Use build and pip and other standards-based tools.
[1.589s]   warnings.warn(
[1.591s] /usr/lib/python3/dist-packages/setuptools/command/install.py:34: SetuptoolsDeprecationWarning: setup.py install is deprecated. Use build and pip and other standards-based tools.
[1.591s]   warnings.warn(
[1.811s] running egg_info
[1.811s] writing modelrobot_pkg_g07.egg-info/PKG-INFO
[1.811s] writing dependency_links to modelrobot_pkg_g07.egg-info/dependency_links.txt
[1.814s] writing entry points to modelrobot_pkg_g07.egg-info/entry_points.txt
[1.814s] writing requirements to modelrobot_pkg_g07.egg-info/requires.txt
[1.814s] writing top-level names to modelrobot_pkg_g07.egg-info/top_level.txt
[1.816s] reading manifest file 'modelrobot_pkg_g07.egg-info/SOURCES.txt'
[1.817s] writing manifest file 'modelrobot_pkg_g07.egg-info/SOURCES.txt'
[1.819s] running build_ext
[1.820s] Creating /home/diego/ros2_ws/install/modelrobot_pkg_g07/lib/python3.10/site-packages/modelrobot-pkg-g07.egg-link (link to .)
[1.821s] 
[1.822s] Installed /home/diego/ros2_ws/build/modelrobot_pkg_g07
[1.822s] running install_data
[1.904s] Invoked command in '/home/diego/ros2_ws/build/modelrobot_pkg_g07' returned '0': PYTHONPATH=/home/diego/ros2_ws/build/modelrobot_pkg_g07/prefix_override:/home/diego/ros2_ws/install/modelrobot_pkg_g07/lib/python3.10/site-packages:${PYTHONPATH} /usr/bin/python3 setup.py develop --editable --build-directory /home/diego/ros2_ws/build/modelrobot_pkg_g07/build --no-deps install_data
