[2.246s] Invoking command in '/home/diego/ros2_ws/build/launch_pkg_g07': PYTHONPATH=/home/diego/ros2_ws/build/launch_pkg_g07/prefix_override:/home/diego/ros2_ws/install/launch_pkg_g07/lib/python3.10/site-packages:${PYTHONPATH} /usr/bin/python3 setup.py develop --editable --build-directory /home/diego/ros2_ws/build/launch_pkg_g07/build --no-deps install_data
[2.641s] /usr/lib/python3/dist-packages/setuptools/command/easy_install.py:158: EasyInstallDeprecationWarning: easy_install command is deprecated. Use build and pip and other standards-based tools.
[2.641s]   warnings.warn(
[2.641s] /usr/lib/python3/dist-packages/setuptools/command/install.py:34: SetuptoolsDeprecationWarning: setup.py install is deprecated. Use build and pip and other standards-based tools.
[2.641s]   warnings.warn(
[2.641s] running develop
[2.982s] running egg_info
[2.983s] writing launch_pkg_g07.egg-info/PKG-INFO
[2.987s] writing dependency_links to launch_pkg_g07.egg-info/dependency_links.txt
[2.988s] writing entry points to launch_pkg_g07.egg-info/entry_points.txt
[2.989s] writing requirements to launch_pkg_g07.egg-info/requires.txt
[2.989s] writing top-level names to launch_pkg_g07.egg-info/top_level.txt
[2.991s] reading manifest file 'launch_pkg_g07.egg-info/SOURCES.txt'
[3.018s] writing manifest file 'launch_pkg_g07.egg-info/SOURCES.txt'
[3.032s] running build_ext
[3.032s] Creating /home/diego/ros2_ws/install/launch_pkg_g07/lib/python3.10/site-packages/launch-pkg-g07.egg-link (link to .)
[3.032s] 
[3.032s] Installed /home/diego/ros2_ws/build/launch_pkg_g07
[3.033s] running install_data
[3.033s] copying package.xml -> /home/diego/ros2_ws/install/launch_pkg_g07/share/launch_pkg_g07
[3.033s] creating /home/diego/ros2_ws/install/launch_pkg_g07/share/launch_pkg_g07/launch
[3.033s] copying launch/turtle_mimic.launch.py -> /home/diego/ros2_ws/install/launch_pkg_g07/share/launch_pkg_g07/launch
[3.033s] copying launch/talker_listener.launch.py -> /home/diego/ros2_ws/install/launch_pkg_g07/share/launch_pkg_g07/launch
[3.209s] Invoked command in '/home/diego/ros2_ws/build/launch_pkg_g07' returned '0': PYTHONPATH=/home/diego/ros2_ws/build/launch_pkg_g07/prefix_override:/home/diego/ros2_ws/install/launch_pkg_g07/lib/python3.10/site-packages:${PYTHONPATH} /usr/bin/python3 setup.py develop --editable --build-directory /home/diego/ros2_ws/build/launch_pkg_g07/build --no-deps install_data
