[1.553s] Invoking command in '/home/diego/ros2_ws/build/modelrobot_pkg_g07': PYTHONPATH=/home/diego/ros2_ws/build/modelrobot_pkg_g07/prefix_override:/home/diego/ros2_ws/install/modelrobot_pkg_g07/lib/python3.10/site-packages:${PYTHONPATH} /usr/bin/python3 setup.py develop --editable --build-directory /home/diego/ros2_ws/build/modelrobot_pkg_g07/build --no-deps install_data
[2.028s] running develop
[2.028s] /usr/lib/python3/dist-packages/setuptools/command/easy_install.py:158: EasyInstallDeprecationWarning: easy_install command is deprecated. Use build and pip and other standards-based tools.
[2.028s]   warnings.warn(
[2.028s] /usr/lib/python3/dist-packages/setuptools/command/install.py:34: SetuptoolsDeprecationWarning: setup.py install is deprecated. Use build and pip and other standards-based tools.
[2.029s]   warnings.warn(
[2.369s] running egg_info
[2.370s] writing modelrobot_pkg_g07.egg-info/PKG-INFO
[2.371s] writing dependency_links to modelrobot_pkg_g07.egg-info/dependency_links.txt
[2.371s] writing entry points to modelrobot_pkg_g07.egg-info/entry_points.txt
[2.373s] writing requirements to modelrobot_pkg_g07.egg-info/requires.txt
[2.373s] writing top-level names to modelrobot_pkg_g07.egg-info/top_level.txt
[2.375s] reading manifest file 'modelrobot_pkg_g07.egg-info/SOURCES.txt'
[2.376s] writing manifest file 'modelrobot_pkg_g07.egg-info/SOURCES.txt'
[2.380s] running build_ext
[2.381s] Creating /home/diego/ros2_ws/install/modelrobot_pkg_g07/lib/python3.10/site-packages/modelrobot-pkg-g07.egg-link (link to .)
[2.382s] 
[2.382s] Installed /home/diego/ros2_ws/build/modelrobot_pkg_g07
[2.382s] running install_data
[2.383s] copying model/robot_car_g07.urdf.xacro -> /home/diego/ros2_ws/install/modelrobot_pkg_g07/share/modelrobot_pkg_g07/model
[2.438s] Invoked command in '/home/diego/ros2_ws/build/modelrobot_pkg_g07' returned '0': PYTHONPATH=/home/diego/ros2_ws/build/modelrobot_pkg_g07/prefix_override:/home/diego/ros2_ws/install/modelrobot_pkg_g07/lib/python3.10/site-packages:${PYTHONPATH} /usr/bin/python3 setup.py develop --editable --build-directory /home/diego/ros2_ws/build/modelrobot_pkg_g07/build --no-deps install_data
