[0.967s] DEBUG:colcon:Command line arguments: ['/usr/bin/colcon', 'build', '--symlink-install']
[0.968s] DEBUG:colcon:Parsed command line arguments: Namespace(log_base=None, log_level=None, verb_name='build', build_base='build', install_base='install', merge_install=False, symlink_install=True, test_result_base=None, continue_on_error=False, executor='parallel', parallel_workers=6, event_handlers=None, ignore_user_meta=False, metas=['./colcon.meta'], base_paths=['.'], packages_ignore=None, packages_ignore_regex=None, paths=None, packages_up_to=None, packages_up_to_regex=None, packages_above=None, packages_above_and_dependencies=None, packages_above_depth=None, packages_select_by_dep=None, packages_skip_by_dep=None, packages_skip_up_to=None, packages_select_build_failed=False, packages_skip_build_finished=False, packages_select_test_failures=False, packages_skip_test_passed=False, packages_select=None, packages_skip=None, packages_select_regex=None, packages_skip_regex=None, packages_start=None, packages_end=None, allow_overriding=[], cmake_args=None, cmake_target=None, cmake_target_skip_unavailable=False, cmake_clean_cache=False, cmake_clean_first=False, cmake_force_configure=False, ament_cmake_args=None, catkin_cmake_args=None, catkin_skip_building_tests=False, verb_parser=<colcon_defaults.argument_parser.defaults.DefaultArgumentsDecorator object at 0x7f19e27b7a90>, verb_extension=<colcon_core.verb.build.BuildVerb object at 0x7f19e2709180>, main=<bound method BuildVerb.main of <colcon_core.verb.build.BuildVerb object at 0x7f19e2709180>>)
[1.075s] Level 1:colcon.colcon_core.package_discovery:discover_packages(colcon_meta) check parameters
[1.075s] Level 1:colcon.colcon_core.package_discovery:discover_packages(recursive) check parameters
[1.076s] Level 1:colcon.colcon_core.package_discovery:discover_packages(ignore) check parameters
[1.076s] Level 1:colcon.colcon_core.package_discovery:discover_packages(path) check parameters
[1.076s] Level 1:colcon.colcon_core.package_discovery:discover_packages(colcon_meta) discover
[1.076s] Level 1:colcon.colcon_core.package_discovery:discover_packages(recursive) discover
[1.076s] INFO:colcon.colcon_core.package_discovery:Crawling recursively for packages in '/home/diego/ros2_ws'
[1.076s] Level 1:colcon.colcon_core.package_identification:_identify(.) by extensions ['ignore', 'ignore_ament_install']
[1.076s] Level 1:colcon.colcon_core.package_identification:_identify(.) by extension 'ignore'
[1.076s] Level 1:colcon.colcon_core.package_identification:_identify(.) by extension 'ignore_ament_install'
[1.076s] Level 1:colcon.colcon_core.package_identification:_identify(.) by extensions ['colcon_pkg']
[1.076s] Level 1:colcon.colcon_core.package_identification:_identify(.) by extension 'colcon_pkg'
[1.076s] Level 1:colcon.colcon_core.package_identification:_identify(.) by extensions ['colcon_meta']
[1.076s] Level 1:colcon.colcon_core.package_identification:_identify(.) by extension 'colcon_meta'
[1.077s] Level 1:colcon.colcon_core.package_identification:_identify(.) by extensions ['ros']
[1.077s] Level 1:colcon.colcon_core.package_identification:_identify(.) by extension 'ros'
[1.106s] Level 1:colcon.colcon_core.package_identification:_identify(.) by extensions ['cmake', 'python']
[1.112s] Level 1:colcon.colcon_core.package_identification:_identify(.) by extension 'cmake'
[1.112s] Level 1:colcon.colcon_core.package_identification:_identify(.) by extension 'python'
[1.112s] Level 1:colcon.colcon_core.package_identification:_identify(.) by extensions ['python_setup_py']
[1.112s] Level 1:colcon.colcon_core.package_identification:_identify(.) by extension 'python_setup_py'
[1.112s] Level 1:colcon.colcon_core.package_identification:_identify(build) by extensions ['ignore', 'ignore_ament_install']
[1.113s] Level 1:colcon.colcon_core.package_identification:_identify(build) by extension 'ignore'
[1.113s] Level 1:colcon.colcon_core.package_identification:_identify(build) ignored
[1.113s] Level 1:colcon.colcon_core.package_identification:_identify(install) by extensions ['ignore', 'ignore_ament_install']
[1.113s] Level 1:colcon.colcon_core.package_identification:_identify(install) by extension 'ignore'
[1.113s] Level 1:colcon.colcon_core.package_identification:_identify(install) ignored
[1.114s] Level 1:colcon.colcon_core.package_identification:_identify(log) by extensions ['ignore', 'ignore_ament_install']
[1.114s] Level 1:colcon.colcon_core.package_identification:_identify(log) by extension 'ignore'
[1.114s] Level 1:colcon.colcon_core.package_identification:_identify(log) ignored
[1.114s] Level 1:colcon.colcon_core.package_identification:_identify(src) by extensions ['ignore', 'ignore_ament_install']
[1.114s] Level 1:colcon.colcon_core.package_identification:_identify(src) by extension 'ignore'
[1.115s] Level 1:colcon.colcon_core.package_identification:_identify(src) by extension 'ignore_ament_install'
[1.115s] Level 1:colcon.colcon_core.package_identification:_identify(src) by extensions ['colcon_pkg']
[1.115s] Level 1:colcon.colcon_core.package_identification:_identify(src) by extension 'colcon_pkg'
[1.115s] Level 1:colcon.colcon_core.package_identification:_identify(src) by extensions ['colcon_meta']
[1.115s] Level 1:colcon.colcon_core.package_identification:_identify(src) by extension 'colcon_meta'
[1.115s] Level 1:colcon.colcon_core.package_identification:_identify(src) by extensions ['ros']
[1.115s] Level 1:colcon.colcon_core.package_identification:_identify(src) by extension 'ros'
[1.115s] Level 1:colcon.colcon_core.package_identification:_identify(src) by extensions ['cmake', 'python']
[1.115s] Level 1:colcon.colcon_core.package_identification:_identify(src) by extension 'cmake'
[1.115s] Level 1:colcon.colcon_core.package_identification:_identify(src) by extension 'python'
[1.115s] Level 1:colcon.colcon_core.package_identification:_identify(src) by extensions ['python_setup_py']
[1.115s] Level 1:colcon.colcon_core.package_identification:_identify(src) by extension 'python_setup_py'
[1.115s] Level 1:colcon.colcon_core.package_identification:_identify(src/launch_pkg_g07) by extensions ['ignore', 'ignore_ament_install']
[1.116s] Level 1:colcon.colcon_core.package_identification:_identify(src/launch_pkg_g07) by extension 'ignore'
[1.116s] Level 1:colcon.colcon_core.package_identification:_identify(src/launch_pkg_g07) by extension 'ignore_ament_install'
[1.116s] Level 1:colcon.colcon_core.package_identification:_identify(src/launch_pkg_g07) by extensions ['colcon_pkg']
[1.116s] Level 1:colcon.colcon_core.package_identification:_identify(src/launch_pkg_g07) by extension 'colcon_pkg'
[1.116s] Level 1:colcon.colcon_core.package_identification:_identify(src/launch_pkg_g07) by extensions ['colcon_meta']
[1.116s] Level 1:colcon.colcon_core.package_identification:_identify(src/launch_pkg_g07) by extension 'colcon_meta'
[1.116s] Level 1:colcon.colcon_core.package_identification:_identify(src/launch_pkg_g07) by extensions ['ros']
[1.116s] Level 1:colcon.colcon_core.package_identification:_identify(src/launch_pkg_g07) by extension 'ros'
[1.123s] DEBUG:colcon.colcon_core.package_identification:Package 'src/launch_pkg_g07' with type 'ros.ament_python' and name 'launch_pkg_g07'
[1.124s] Level 1:colcon.colcon_core.package_identification:_identify(src/modelrobot_pkg_g07) by extensions ['ignore', 'ignore_ament_install']
[1.124s] Level 1:colcon.colcon_core.package_identification:_identify(src/modelrobot_pkg_g07) by extension 'ignore'
[1.124s] Level 1:colcon.colcon_core.package_identification:_identify(src/modelrobot_pkg_g07) by extension 'ignore_ament_install'
[1.124s] Level 1:colcon.colcon_core.package_identification:_identify(src/modelrobot_pkg_g07) by extensions ['colcon_pkg']
[1.124s] Level 1:colcon.colcon_core.package_identification:_identify(src/modelrobot_pkg_g07) by extension 'colcon_pkg'
[1.125s] Level 1:colcon.colcon_core.package_identification:_identify(src/modelrobot_pkg_g07) by extensions ['colcon_meta']
[1.125s] Level 1:colcon.colcon_core.package_identification:_identify(src/modelrobot_pkg_g07) by extension 'colcon_meta'
[1.125s] Level 1:colcon.colcon_core.package_identification:_identify(src/modelrobot_pkg_g07) by extensions ['ros']
[1.125s] Level 1:colcon.colcon_core.package_identification:_identify(src/modelrobot_pkg_g07) by extension 'ros'
[1.126s] DEBUG:colcon.colcon_core.package_identification:Package 'src/modelrobot_pkg_g07' with type 'ros.ament_python' and name 'modelrobot_pkg_g07'
[1.127s] Level 1:colcon.colcon_core.package_discovery:discover_packages(recursive) using defaults
[1.127s] Level 1:colcon.colcon_core.package_discovery:discover_packages(ignore) discover
[1.127s] Level 1:colcon.colcon_core.package_discovery:discover_packages(ignore) using defaults
[1.127s] Level 1:colcon.colcon_core.package_discovery:discover_packages(path) discover
[1.127s] Level 1:colcon.colcon_core.package_discovery:discover_packages(path) using defaults
[1.188s] Level 1:colcon.colcon_core.package_discovery:discover_packages(prefix_path) check parameters
[1.189s] Level 1:colcon.colcon_core.package_discovery:discover_packages(prefix_path) discover
[1.193s] DEBUG:colcon.colcon_installed_package_information.package_discovery:Found 2 installed packages in /home/diego/ros2_ws/install
[1.196s] DEBUG:colcon.colcon_installed_package_information.package_discovery:Found 280 installed packages in /opt/ros/humble
[1.198s] Level 1:colcon.colcon_core.package_discovery:discover_packages(prefix_path) using defaults
[1.348s] Level 5:colcon.colcon_core.verb:set package 'launch_pkg_g07' build argument 'cmake_args' from command line to 'None'
[1.349s] Level 5:colcon.colcon_core.verb:set package 'launch_pkg_g07' build argument 'cmake_target' from command line to 'None'
[1.349s] Level 5:colcon.colcon_core.verb:set package 'launch_pkg_g07' build argument 'cmake_target_skip_unavailable' from command line to 'False'
[1.349s] Level 5:colcon.colcon_core.verb:set package 'launch_pkg_g07' build argument 'cmake_clean_cache' from command line to 'False'
[1.349s] Level 5:colcon.colcon_core.verb:set package 'launch_pkg_g07' build argument 'cmake_clean_first' from command line to 'False'
[1.349s] Level 5:colcon.colcon_core.verb:set package 'launch_pkg_g07' build argument 'cmake_force_configure' from command line to 'False'
[1.349s] Level 5:colcon.colcon_core.verb:set package 'launch_pkg_g07' build argument 'ament_cmake_args' from command line to 'None'
[1.349s] Level 5:colcon.colcon_core.verb:set package 'launch_pkg_g07' build argument 'catkin_cmake_args' from command line to 'None'
[1.349s] Level 5:colcon.colcon_core.verb:set package 'launch_pkg_g07' build argument 'catkin_skip_building_tests' from command line to 'False'
[1.349s] DEBUG:colcon.colcon_core.verb:Building package 'launch_pkg_g07' with the following arguments: {'ament_cmake_args': None, 'build_base': '/home/diego/ros2_ws/build/launch_pkg_g07', 'catkin_cmake_args': None, 'catkin_skip_building_tests': False, 'cmake_args': None, 'cmake_clean_cache': False, 'cmake_clean_first': False, 'cmake_force_configure': False, 'cmake_target': None, 'cmake_target_skip_unavailable': False, 'install_base': '/home/diego/ros2_ws/install/launch_pkg_g07', 'merge_install': False, 'path': '/home/diego/ros2_ws/src/launch_pkg_g07', 'symlink_install': True, 'test_result_base': None}
[1.352s] Level 5:colcon.colcon_core.verb:set package 'modelrobot_pkg_g07' build argument 'cmake_args' from command line to 'None'
[1.352s] Level 5:colcon.colcon_core.verb:set package 'modelrobot_pkg_g07' build argument 'cmake_target' from command line to 'None'
[1.352s] Level 5:colcon.colcon_core.verb:set package 'modelrobot_pkg_g07' build argument 'cmake_target_skip_unavailable' from command line to 'False'
[1.353s] Level 5:colcon.colcon_core.verb:set package 'modelrobot_pkg_g07' build argument 'cmake_clean_cache' from command line to 'False'
[1.353s] Level 5:colcon.colcon_core.verb:set package 'modelrobot_pkg_g07' build argument 'cmake_clean_first' from command line to 'False'
[1.353s] Level 5:colcon.colcon_core.verb:set package 'modelrobot_pkg_g07' build argument 'cmake_force_configure' from command line to 'False'
[1.353s] Level 5:colcon.colcon_core.verb:set package 'modelrobot_pkg_g07' build argument 'ament_cmake_args' from command line to 'None'
[1.353s] Level 5:colcon.colcon_core.verb:set package 'modelrobot_pkg_g07' build argument 'catkin_cmake_args' from command line to 'None'
[1.354s] Level 5:colcon.colcon_core.verb:set package 'modelrobot_pkg_g07' build argument 'catkin_skip_building_tests' from command line to 'False'
[1.354s] DEBUG:colcon.colcon_core.verb:Building package 'modelrobot_pkg_g07' with the following arguments: {'ament_cmake_args': None, 'build_base': '/home/diego/ros2_ws/build/modelrobot_pkg_g07', 'catkin_cmake_args': None, 'catkin_skip_building_tests': False, 'cmake_args': None, 'cmake_clean_cache': False, 'cmake_clean_first': False, 'cmake_force_configure': False, 'cmake_target': None, 'cmake_target_skip_unavailable': False, 'install_base': '/home/diego/ros2_ws/install/modelrobot_pkg_g07', 'merge_install': False, 'path': '/home/diego/ros2_ws/src/modelrobot_pkg_g07', 'symlink_install': True, 'test_result_base': None}
[1.355s] INFO:colcon.colcon_core.executor:Executing jobs using 'parallel' executor
[1.364s] DEBUG:colcon.colcon_parallel_executor.executor.parallel:run_until_complete
[1.376s] INFO:colcon.colcon_ros.task.ament_python.build:Building ROS package in '/home/diego/ros2_ws/src/launch_pkg_g07' with build type 'ament_python'
[1.380s] Level 1:colcon.colcon_core.shell:create_environment_hook('launch_pkg_g07', 'ament_prefix_path')
[1.402s] INFO:colcon.colcon_core.plugin_system:Skipping extension 'colcon_core.shell.bat': Not used on non-Windows systems
[1.404s] INFO:colcon.colcon_core.shell:Creating environment hook '/home/diego/ros2_ws/install/launch_pkg_g07/share/launch_pkg_g07/hook/ament_prefix_path.ps1'
[1.407s] INFO:colcon.colcon_core.shell:Creating environment descriptor '/home/diego/ros2_ws/install/launch_pkg_g07/share/launch_pkg_g07/hook/ament_prefix_path.dsv'
[1.408s] INFO:colcon.colcon_core.shell:Creating environment hook '/home/diego/ros2_ws/install/launch_pkg_g07/share/launch_pkg_g07/hook/ament_prefix_path.sh'
[1.417s] INFO:colcon.colcon_core.shell:Skip shell extension 'powershell' for command environment: Not usable outside of PowerShell
[1.423s] DEBUG:colcon.colcon_core.shell:Skip shell extension 'dsv' for command environment
[1.437s] INFO:colcon.colcon_ros.task.ament_python.build:Building ROS package in '/home/diego/ros2_ws/src/modelrobot_pkg_g07' with build type 'ament_python'
[1.438s] Level 1:colcon.colcon_core.shell:create_environment_hook('modelrobot_pkg_g07', 'ament_prefix_path')
[1.440s] INFO:colcon.colcon_core.shell:Creating environment hook '/home/diego/ros2_ws/install/modelrobot_pkg_g07/share/modelrobot_pkg_g07/hook/ament_prefix_path.ps1'
[1.441s] INFO:colcon.colcon_core.shell:Creating environment descriptor '/home/diego/ros2_ws/install/modelrobot_pkg_g07/share/modelrobot_pkg_g07/hook/ament_prefix_path.dsv'
[1.443s] INFO:colcon.colcon_core.shell:Creating environment hook '/home/diego/ros2_ws/install/modelrobot_pkg_g07/share/modelrobot_pkg_g07/hook/ament_prefix_path.sh'
[1.450s] INFO:colcon.colcon_core.shell:Skip shell extension 'powershell' for command environment: Not usable outside of PowerShell
[1.454s] DEBUG:colcon.colcon_core.shell:Skip shell extension 'dsv' for command environment
[2.317s] INFO:colcon.colcon_core.task.python.build:Building Python package in '/home/diego/ros2_ws/src/launch_pkg_g07'
[2.321s] INFO:colcon.colcon_core.shell:Skip shell extension 'powershell' for command environment: Not usable outside of PowerShell
[2.321s] DEBUG:colcon.colcon_core.shell:Skip shell extension 'dsv' for command environment
[3.436s] INFO:colcon.colcon_core.task.python.build:Building Python package in '/home/diego/ros2_ws/src/modelrobot_pkg_g07'
[3.443s] INFO:colcon.colcon_core.shell:Skip shell extension 'powershell' for command environment: Not usable outside of PowerShell
[3.444s] DEBUG:colcon.colcon_core.shell:Skip shell extension 'dsv' for command environment
[4.716s] DEBUG:colcon.colcon_core.event_handler.log_command:Invoking command in '/home/diego/ros2_ws/build/launch_pkg_g07': PYTHONPATH=/home/diego/ros2_ws/build/launch_pkg_g07/prefix_override:/home/diego/ros2_ws/install/launch_pkg_g07/lib/python3.10/site-packages:${PYTHONPATH} /usr/bin/python3 setup.py develop --editable --build-directory /home/diego/ros2_ws/build/launch_pkg_g07/build --no-deps install_data
[4.958s] DEBUG:colcon.colcon_core.event_handler.log_command:Invoking command in '/home/diego/ros2_ws/build/modelrobot_pkg_g07': PYTHONPATH=/home/diego/ros2_ws/build/modelrobot_pkg_g07/prefix_override:/home/diego/ros2_ws/install/modelrobot_pkg_g07/lib/python3.10/site-packages:${PYTHONPATH} /usr/bin/python3 setup.py develop --editable --build-directory /home/diego/ros2_ws/build/modelrobot_pkg_g07/build --no-deps install_data
[6.393s] Level 1:colcon.colcon_core.shell:create_environment_hook('launch_pkg_g07', 'pythonpath_develop')
[6.401s] INFO:colcon.colcon_core.shell:Creating environment hook '/home/diego/ros2_ws/build/launch_pkg_g07/share/launch_pkg_g07/hook/pythonpath_develop.ps1'
[6.394s] DEBUG:colcon.colcon_core.event_handler.log_command:Invoked command in '/home/diego/ros2_ws/build/launch_pkg_g07' returned '0': PYTHONPATH=/home/diego/ros2_ws/build/launch_pkg_g07/prefix_override:/home/diego/ros2_ws/install/launch_pkg_g07/lib/python3.10/site-packages:${PYTHONPATH} /usr/bin/python3 setup.py develop --editable --build-directory /home/diego/ros2_ws/build/launch_pkg_g07/build --no-deps install_data
[6.403s] INFO:colcon.colcon_core.shell:Creating environment descriptor '/home/diego/ros2_ws/build/launch_pkg_g07/share/launch_pkg_g07/hook/pythonpath_develop.dsv'
[6.405s] INFO:colcon.colcon_core.shell:Creating environment hook '/home/diego/ros2_ws/build/launch_pkg_g07/share/launch_pkg_g07/hook/pythonpath_develop.sh'
[6.416s] Level 1:colcon.colcon_core.environment:checking '/home/diego/ros2_ws/install/launch_pkg_g07' for CMake module files
[6.419s] Level 1:colcon.colcon_core.environment:checking '/home/diego/ros2_ws/install/launch_pkg_g07' for CMake config files
[6.427s] Level 1:colcon.colcon_core.environment:checking '/home/diego/ros2_ws/install/launch_pkg_g07/lib'
[6.429s] Level 1:colcon.colcon_core.environment:checking '/home/diego/ros2_ws/install/launch_pkg_g07/bin'
[6.429s] Level 1:colcon.colcon_core.environment:checking '/home/diego/ros2_ws/install/launch_pkg_g07/lib/pkgconfig/launch_pkg_g07.pc'
[6.430s] Level 1:colcon.colcon_core.environment:checking '/home/diego/ros2_ws/install/launch_pkg_g07/lib/python3.10/site-packages'
[6.430s] Level 1:colcon.colcon_core.shell:create_environment_hook('launch_pkg_g07', 'pythonpath')
[6.438s] INFO:colcon.colcon_core.shell:Creating environment hook '/home/diego/ros2_ws/install/launch_pkg_g07/share/launch_pkg_g07/hook/pythonpath.ps1'
[6.444s] INFO:colcon.colcon_core.shell:Creating environment descriptor '/home/diego/ros2_ws/install/launch_pkg_g07/share/launch_pkg_g07/hook/pythonpath.dsv'
[6.463s] INFO:colcon.colcon_core.shell:Creating environment hook '/home/diego/ros2_ws/install/launch_pkg_g07/share/launch_pkg_g07/hook/pythonpath.sh'
[6.477s] Level 1:colcon.colcon_core.environment:checking '/home/diego/ros2_ws/install/launch_pkg_g07/bin'
[6.482s] Level 1:colcon.colcon_core.environment:create_environment_scripts_only(launch_pkg_g07)
[6.496s] INFO:colcon.colcon_core.shell:Creating package script '/home/diego/ros2_ws/install/launch_pkg_g07/share/launch_pkg_g07/package.ps1'
[6.506s] INFO:colcon.colcon_core.shell:Creating package descriptor '/home/diego/ros2_ws/install/launch_pkg_g07/share/launch_pkg_g07/package.dsv'
[6.524s] INFO:colcon.colcon_core.shell:Creating package script '/home/diego/ros2_ws/install/launch_pkg_g07/share/launch_pkg_g07/package.sh'
[6.534s] INFO:colcon.colcon_core.shell:Creating package script '/home/diego/ros2_ws/install/launch_pkg_g07/share/launch_pkg_g07/package.bash'
[6.540s] INFO:colcon.colcon_core.shell:Creating package script '/home/diego/ros2_ws/install/launch_pkg_g07/share/launch_pkg_g07/package.zsh'
[6.544s] Level 1:colcon.colcon_core.environment:create_file_with_runtime_dependencies(/home/diego/ros2_ws/install/launch_pkg_g07/share/colcon-core/packages/launch_pkg_g07)
[6.631s] Level 1:colcon.colcon_core.shell:create_environment_hook('modelrobot_pkg_g07', 'pythonpath_develop')
[6.633s] INFO:colcon.colcon_core.shell:Creating environment hook '/home/diego/ros2_ws/build/modelrobot_pkg_g07/share/modelrobot_pkg_g07/hook/pythonpath_develop.ps1'
[6.635s] DEBUG:colcon.colcon_core.event_handler.log_command:Invoked command in '/home/diego/ros2_ws/build/modelrobot_pkg_g07' returned '0': PYTHONPATH=/home/diego/ros2_ws/build/modelrobot_pkg_g07/prefix_override:/home/diego/ros2_ws/install/modelrobot_pkg_g07/lib/python3.10/site-packages:${PYTHONPATH} /usr/bin/python3 setup.py develop --editable --build-directory /home/diego/ros2_ws/build/modelrobot_pkg_g07/build --no-deps install_data
[6.658s] INFO:colcon.colcon_core.shell:Creating environment descriptor '/home/diego/ros2_ws/build/modelrobot_pkg_g07/share/modelrobot_pkg_g07/hook/pythonpath_develop.dsv'
[6.660s] INFO:colcon.colcon_core.shell:Creating environment hook '/home/diego/ros2_ws/build/modelrobot_pkg_g07/share/modelrobot_pkg_g07/hook/pythonpath_develop.sh'
[6.675s] Level 1:colcon.colcon_core.environment:checking '/home/diego/ros2_ws/install/modelrobot_pkg_g07' for CMake module files
[6.678s] Level 1:colcon.colcon_core.environment:checking '/home/diego/ros2_ws/install/modelrobot_pkg_g07' for CMake config files
[6.679s] Level 1:colcon.colcon_core.environment:checking '/home/diego/ros2_ws/install/modelrobot_pkg_g07/lib'
[6.679s] Level 1:colcon.colcon_core.environment:checking '/home/diego/ros2_ws/install/modelrobot_pkg_g07/bin'
[6.679s] Level 1:colcon.colcon_core.environment:checking '/home/diego/ros2_ws/install/modelrobot_pkg_g07/lib/pkgconfig/modelrobot_pkg_g07.pc'
[6.679s] Level 1:colcon.colcon_core.environment:checking '/home/diego/ros2_ws/install/modelrobot_pkg_g07/lib/python3.10/site-packages'
[6.679s] Level 1:colcon.colcon_core.shell:create_environment_hook('modelrobot_pkg_g07', 'pythonpath')
[6.684s] INFO:colcon.colcon_core.shell:Creating environment hook '/home/diego/ros2_ws/install/modelrobot_pkg_g07/share/modelrobot_pkg_g07/hook/pythonpath.ps1'
[6.695s] INFO:colcon.colcon_core.shell:Creating environment descriptor '/home/diego/ros2_ws/install/modelrobot_pkg_g07/share/modelrobot_pkg_g07/hook/pythonpath.dsv'
[6.706s] INFO:colcon.colcon_core.shell:Creating environment hook '/home/diego/ros2_ws/install/modelrobot_pkg_g07/share/modelrobot_pkg_g07/hook/pythonpath.sh'
[6.714s] Level 1:colcon.colcon_core.environment:checking '/home/diego/ros2_ws/install/modelrobot_pkg_g07/bin'
[6.723s] Level 1:colcon.colcon_core.environment:create_environment_scripts_only(modelrobot_pkg_g07)
[6.726s] INFO:colcon.colcon_core.shell:Creating package script '/home/diego/ros2_ws/install/modelrobot_pkg_g07/share/modelrobot_pkg_g07/package.ps1'
[6.728s] INFO:colcon.colcon_core.shell:Creating package descriptor '/home/diego/ros2_ws/install/modelrobot_pkg_g07/share/modelrobot_pkg_g07/package.dsv'
[6.731s] INFO:colcon.colcon_core.shell:Creating package script '/home/diego/ros2_ws/install/modelrobot_pkg_g07/share/modelrobot_pkg_g07/package.sh'
[6.732s] INFO:colcon.colcon_core.shell:Creating package script '/home/diego/ros2_ws/install/modelrobot_pkg_g07/share/modelrobot_pkg_g07/package.bash'
[6.736s] INFO:colcon.colcon_core.shell:Creating package script '/home/diego/ros2_ws/install/modelrobot_pkg_g07/share/modelrobot_pkg_g07/package.zsh'
[6.743s] Level 1:colcon.colcon_core.environment:create_file_with_runtime_dependencies(/home/diego/ros2_ws/install/modelrobot_pkg_g07/share/colcon-core/packages/modelrobot_pkg_g07)
[6.766s] DEBUG:colcon.colcon_parallel_executor.executor.parallel:closing loop
[6.772s] DEBUG:colcon.colcon_parallel_executor.executor.parallel:loop closed
[6.792s] DEBUG:colcon.colcon_parallel_executor.executor.parallel:run_until_complete finished with '0'
[6.803s] DEBUG:colcon.colcon_core.event_reactor:joining thread
[6.833s] INFO:colcon.colcon_core.plugin_system:Skipping extension 'colcon_notification.desktop_notification.terminal_notifier': Not used on non-Darwin systems
[6.839s] INFO:colcon.colcon_core.plugin_system:Skipping extension 'colcon_notification.desktop_notification.win32': Not used on non-Windows systems
[6.839s] INFO:colcon.colcon_notification.desktop_notification:Sending desktop notification using 'notify2'
[6.981s] DEBUG:colcon.colcon_core.event_reactor:joined thread
[6.985s] INFO:colcon.colcon_core.shell:Creating prefix script '/home/diego/ros2_ws/install/local_setup.ps1'
[6.989s] INFO:colcon.colcon_core.shell:Creating prefix util module '/home/diego/ros2_ws/install/_local_setup_util_ps1.py'
[6.993s] INFO:colcon.colcon_core.shell:Creating prefix chain script '/home/diego/ros2_ws/install/setup.ps1'
[6.997s] INFO:colcon.colcon_core.shell:Creating prefix script '/home/diego/ros2_ws/install/local_setup.sh'
[6.999s] INFO:colcon.colcon_core.shell:Creating prefix util module '/home/diego/ros2_ws/install/_local_setup_util_sh.py'
[7.015s] INFO:colcon.colcon_core.shell:Creating prefix chain script '/home/diego/ros2_ws/install/setup.sh'
[7.047s] INFO:colcon.colcon_core.shell:Creating prefix script '/home/diego/ros2_ws/install/local_setup.bash'
[7.061s] INFO:colcon.colcon_core.shell:Creating prefix chain script '/home/diego/ros2_ws/install/setup.bash'
[7.079s] INFO:colcon.colcon_core.shell:Creating prefix script '/home/diego/ros2_ws/install/local_setup.zsh'
[7.081s] INFO:colcon.colcon_core.shell:Creating prefix chain script '/home/diego/ros2_ws/install/setup.zsh'
