[0.427s] DEBUG:colcon:Command line arguments: ['/usr/bin/colcon', 'build', '--symlink-install']
[0.428s] DEBUG:colcon:Parsed command line arguments: Namespace(log_base=None, log_level=None, verb_name='build', build_base='build', install_base='install', merge_install=False, symlink_install=True, test_result_base=None, continue_on_error=False, executor='parallel', parallel_workers=6, event_handlers=None, ignore_user_meta=False, metas=['./colcon.meta'], base_paths=['.'], packages_ignore=None, packages_ignore_regex=None, paths=None, packages_up_to=None, packages_up_to_regex=None, packages_above=None, packages_above_and_dependencies=None, packages_above_depth=None, packages_select_by_dep=None, packages_skip_by_dep=None, packages_skip_up_to=None, packages_select_build_failed=False, packages_skip_build_finished=False, packages_select_test_failures=False, packages_skip_test_passed=False, packages_select=None, packages_skip=None, packages_select_regex=None, packages_skip_regex=None, packages_start=None, packages_end=None, allow_overriding=[], cmake_args=None, cmake_target=None, cmake_target_skip_unavailable=False, cmake_clean_cache=False, cmake_clean_first=False, cmake_force_configure=False, ament_cmake_args=None, catkin_cmake_args=None, catkin_skip_building_tests=False, verb_parser=<colcon_defaults.argument_parser.defaults.DefaultArgumentsDecorator object at 0x7f5406cb7940>, verb_extension=<colcon_core.verb.build.BuildVerb object at 0x7f5406c090c0>, main=<bound method BuildVerb.main of <colcon_core.verb.build.BuildVerb object at 0x7f5406c090c0>>)
[0.502s] Level 1:colcon.colcon_core.package_discovery:discover_packages(colcon_meta) check parameters
[0.503s] Level 1:colcon.colcon_core.package_discovery:discover_packages(recursive) check parameters
[0.503s] Level 1:colcon.colcon_core.package_discovery:discover_packages(ignore) check parameters
[0.503s] Level 1:colcon.colcon_core.package_discovery:discover_packages(path) check parameters
[0.503s] Level 1:colcon.colcon_core.package_discovery:discover_packages(colcon_meta) discover
[0.503s] Level 1:colcon.colcon_core.package_discovery:discover_packages(recursive) discover
[0.503s] INFO:colcon.colcon_core.package_discovery:Crawling recursively for packages in '/home/diego/ros2_ws'
[0.503s] Level 1:colcon.colcon_core.package_identification:_identify(.) by extensions ['ignore', 'ignore_ament_install']
[0.503s] Level 1:colcon.colcon_core.package_identification:_identify(.) by extension 'ignore'
[0.504s] Level 1:colcon.colcon_core.package_identification:_identify(.) by extension 'ignore_ament_install'
[0.504s] Level 1:colcon.colcon_core.package_identification:_identify(.) by extensions ['colcon_pkg']
[0.504s] Level 1:colcon.colcon_core.package_identification:_identify(.) by extension 'colcon_pkg'
[0.510s] Level 1:colcon.colcon_core.package_identification:_identify(.) by extensions ['colcon_meta']
[0.510s] Level 1:colcon.colcon_core.package_identification:_identify(.) by extension 'colcon_meta'
[0.510s] Level 1:colcon.colcon_core.package_identification:_identify(.) by extensions ['ros']
[0.510s] Level 1:colcon.colcon_core.package_identification:_identify(.) by extension 'ros'
[0.535s] Level 1:colcon.colcon_core.package_identification:_identify(.) by extensions ['cmake', 'python']
[0.542s] Level 1:colcon.colcon_core.package_identification:_identify(.) by extension 'cmake'
[0.550s] Level 1:colcon.colcon_core.package_identification:_identify(.) by extension 'python'
[0.550s] Level 1:colcon.colcon_core.package_identification:_identify(.) by extensions ['python_setup_py']
[0.550s] Level 1:colcon.colcon_core.package_identification:_identify(.) by extension 'python_setup_py'
[0.551s] Level 1:colcon.colcon_core.package_identification:_identify(build) by extensions ['ignore', 'ignore_ament_install']
[0.551s] Level 1:colcon.colcon_core.package_identification:_identify(build) by extension 'ignore'
[0.551s] Level 1:colcon.colcon_core.package_identification:_identify(build) ignored
[0.551s] Level 1:colcon.colcon_core.package_identification:_identify(install) by extensions ['ignore', 'ignore_ament_install']
[0.551s] Level 1:colcon.colcon_core.package_identification:_identify(install) by extension 'ignore'
[0.551s] Level 1:colcon.colcon_core.package_identification:_identify(install) ignored
[0.551s] Level 1:colcon.colcon_core.package_identification:_identify(log) by extensions ['ignore', 'ignore_ament_install']
[0.551s] Level 1:colcon.colcon_core.package_identification:_identify(log) by extension 'ignore'
[0.551s] Level 1:colcon.colcon_core.package_identification:_identify(log) ignored
[0.551s] Level 1:colcon.colcon_core.package_identification:_identify(src) by extensions ['ignore', 'ignore_ament_install']
[0.552s] Level 1:colcon.colcon_core.package_identification:_identify(src) by extension 'ignore'
[0.552s] Level 1:colcon.colcon_core.package_identification:_identify(src) by extension 'ignore_ament_install'
[0.552s] Level 1:colcon.colcon_core.package_identification:_identify(src) by extensions ['colcon_pkg']
[0.552s] Level 1:colcon.colcon_core.package_identification:_identify(src) by extension 'colcon_pkg'
[0.552s] Level 1:colcon.colcon_core.package_identification:_identify(src) by extensions ['colcon_meta']
[0.552s] Level 1:colcon.colcon_core.package_identification:_identify(src) by extension 'colcon_meta'
[0.552s] Level 1:colcon.colcon_core.package_identification:_identify(src) by extensions ['ros']
[0.552s] Level 1:colcon.colcon_core.package_identification:_identify(src) by extension 'ros'
[0.552s] Level 1:colcon.colcon_core.package_identification:_identify(src) by extensions ['cmake', 'python']
[0.552s] Level 1:colcon.colcon_core.package_identification:_identify(src) by extension 'cmake'
[0.552s] Level 1:colcon.colcon_core.package_identification:_identify(src) by extension 'python'
[0.552s] Level 1:colcon.colcon_core.package_identification:_identify(src) by extensions ['python_setup_py']
[0.552s] Level 1:colcon.colcon_core.package_identification:_identify(src) by extension 'python_setup_py'
[0.552s] Level 1:colcon.colcon_core.package_identification:_identify(src/launch_pkg_g07) by extensions ['ignore', 'ignore_ament_install']
[0.552s] Level 1:colcon.colcon_core.package_identification:_identify(src/launch_pkg_g07) by extension 'ignore'
[0.552s] Level 1:colcon.colcon_core.package_identification:_identify(src/launch_pkg_g07) by extension 'ignore_ament_install'
[0.552s] Level 1:colcon.colcon_core.package_identification:_identify(src/launch_pkg_g07) by extensions ['colcon_pkg']
[0.552s] Level 1:colcon.colcon_core.package_identification:_identify(src/launch_pkg_g07) by extension 'colcon_pkg'
[0.553s] Level 1:colcon.colcon_core.package_identification:_identify(src/launch_pkg_g07) by extensions ['colcon_meta']
[0.553s] Level 1:colcon.colcon_core.package_identification:_identify(src/launch_pkg_g07) by extension 'colcon_meta'
[0.553s] Level 1:colcon.colcon_core.package_identification:_identify(src/launch_pkg_g07) by extensions ['ros']
[0.553s] Level 1:colcon.colcon_core.package_identification:_identify(src/launch_pkg_g07) by extension 'ros'
[0.561s] DEBUG:colcon.colcon_core.package_identification:Package 'src/launch_pkg_g07' with type 'ros.ament_python' and name 'launch_pkg_g07'
[0.561s] Level 1:colcon.colcon_core.package_identification:_identify(src/modelrobot_pkg_g07) by extensions ['ignore', 'ignore_ament_install']
[0.561s] Level 1:colcon.colcon_core.package_identification:_identify(src/modelrobot_pkg_g07) by extension 'ignore'
[0.561s] Level 1:colcon.colcon_core.package_identification:_identify(src/modelrobot_pkg_g07) by extension 'ignore_ament_install'
[0.561s] Level 1:colcon.colcon_core.package_identification:_identify(src/modelrobot_pkg_g07) by extensions ['colcon_pkg']
[0.561s] Level 1:colcon.colcon_core.package_identification:_identify(src/modelrobot_pkg_g07) by extension 'colcon_pkg'
[0.561s] Level 1:colcon.colcon_core.package_identification:_identify(src/modelrobot_pkg_g07) by extensions ['colcon_meta']
[0.562s] Level 1:colcon.colcon_core.package_identification:_identify(src/modelrobot_pkg_g07) by extension 'colcon_meta'
[0.562s] Level 1:colcon.colcon_core.package_identification:_identify(src/modelrobot_pkg_g07) by extensions ['ros']
[0.562s] Level 1:colcon.colcon_core.package_identification:_identify(src/modelrobot_pkg_g07) by extension 'ros'
[0.565s] DEBUG:colcon.colcon_core.package_identification:Package 'src/modelrobot_pkg_g07' with type 'ros.ament_python' and name 'modelrobot_pkg_g07'
[0.565s] Level 1:colcon.colcon_core.package_discovery:discover_packages(recursive) using defaults
[0.565s] Level 1:colcon.colcon_core.package_discovery:discover_packages(ignore) discover
[0.565s] Level 1:colcon.colcon_core.package_discovery:discover_packages(ignore) using defaults
[0.565s] Level 1:colcon.colcon_core.package_discovery:discover_packages(path) discover
[0.570s] Level 1:colcon.colcon_core.package_discovery:discover_packages(path) using defaults
[0.610s] Level 1:colcon.colcon_core.package_discovery:discover_packages(prefix_path) check parameters
[0.610s] Level 1:colcon.colcon_core.package_discovery:discover_packages(prefix_path) discover
[0.613s] DEBUG:colcon.colcon_installed_package_information.package_discovery:Found 2 installed packages in /home/diego/ros2_ws/install
[0.616s] DEBUG:colcon.colcon_installed_package_information.package_discovery:Found 280 installed packages in /opt/ros/humble
[0.618s] Level 1:colcon.colcon_core.package_discovery:discover_packages(prefix_path) using defaults
[0.693s] Level 5:colcon.colcon_core.verb:set package 'launch_pkg_g07' build argument 'cmake_args' from command line to 'None'
[0.694s] Level 5:colcon.colcon_core.verb:set package 'launch_pkg_g07' build argument 'cmake_target' from command line to 'None'
[0.695s] Level 5:colcon.colcon_core.verb:set package 'launch_pkg_g07' build argument 'cmake_target_skip_unavailable' from command line to 'False'
[0.695s] Level 5:colcon.colcon_core.verb:set package 'launch_pkg_g07' build argument 'cmake_clean_cache' from command line to 'False'
[0.695s] Level 5:colcon.colcon_core.verb:set package 'launch_pkg_g07' build argument 'cmake_clean_first' from command line to 'False'
[0.695s] Level 5:colcon.colcon_core.verb:set package 'launch_pkg_g07' build argument 'cmake_force_configure' from command line to 'False'
[0.695s] Level 5:colcon.colcon_core.verb:set package 'launch_pkg_g07' build argument 'ament_cmake_args' from command line to 'None'
[0.695s] Level 5:colcon.colcon_core.verb:set package 'launch_pkg_g07' build argument 'catkin_cmake_args' from command line to 'None'
[0.695s] Level 5:colcon.colcon_core.verb:set package 'launch_pkg_g07' build argument 'catkin_skip_building_tests' from command line to 'False'
[0.695s] DEBUG:colcon.colcon_core.verb:Building package 'launch_pkg_g07' with the following arguments: {'ament_cmake_args': None, 'build_base': '/home/diego/ros2_ws/build/launch_pkg_g07', 'catkin_cmake_args': None, 'catkin_skip_building_tests': False, 'cmake_args': None, 'cmake_clean_cache': False, 'cmake_clean_first': False, 'cmake_force_configure': False, 'cmake_target': None, 'cmake_target_skip_unavailable': False, 'install_base': '/home/diego/ros2_ws/install/launch_pkg_g07', 'merge_install': False, 'path': '/home/diego/ros2_ws/src/launch_pkg_g07', 'symlink_install': True, 'test_result_base': None}
[0.698s] Level 5:colcon.colcon_core.verb:set package 'modelrobot_pkg_g07' build argument 'cmake_args' from command line to 'None'
[0.699s] Level 5:colcon.colcon_core.verb:set package 'modelrobot_pkg_g07' build argument 'cmake_target' from command line to 'None'
[0.699s] Level 5:colcon.colcon_core.verb:set package 'modelrobot_pkg_g07' build argument 'cmake_target_skip_unavailable' from command line to 'False'
[0.699s] Level 5:colcon.colcon_core.verb:set package 'modelrobot_pkg_g07' build argument 'cmake_clean_cache' from command line to 'False'
[0.699s] Level 5:colcon.colcon_core.verb:set package 'modelrobot_pkg_g07' build argument 'cmake_clean_first' from command line to 'False'
[0.699s] Level 5:colcon.colcon_core.verb:set package 'modelrobot_pkg_g07' build argument 'cmake_force_configure' from command line to 'False'
[0.699s] Level 5:colcon.colcon_core.verb:set package 'modelrobot_pkg_g07' build argument 'ament_cmake_args' from command line to 'None'
[0.699s] Level 5:colcon.colcon_core.verb:set package 'modelrobot_pkg_g07' build argument 'catkin_cmake_args' from command line to 'None'
[0.699s] Level 5:colcon.colcon_core.verb:set package 'modelrobot_pkg_g07' build argument 'catkin_skip_building_tests' from command line to 'False'
[0.699s] DEBUG:colcon.colcon_core.verb:Building package 'modelrobot_pkg_g07' with the following arguments: {'ament_cmake_args': None, 'build_base': '/home/diego/ros2_ws/build/modelrobot_pkg_g07', 'catkin_cmake_args': None, 'catkin_skip_building_tests': False, 'cmake_args': None, 'cmake_clean_cache': False, 'cmake_clean_first': False, 'cmake_force_configure': False, 'cmake_target': None, 'cmake_target_skip_unavailable': False, 'install_base': '/home/diego/ros2_ws/install/modelrobot_pkg_g07', 'merge_install': False, 'path': '/home/diego/ros2_ws/src/modelrobot_pkg_g07', 'symlink_install': True, 'test_result_base': None}
[0.700s] INFO:colcon.colcon_core.executor:Executing jobs using 'parallel' executor
[0.705s] DEBUG:colcon.colcon_parallel_executor.executor.parallel:run_until_complete
[0.706s] INFO:colcon.colcon_ros.task.ament_python.build:Building ROS package in '/home/diego/ros2_ws/src/launch_pkg_g07' with build type 'ament_python'
[0.706s] Level 1:colcon.colcon_core.shell:create_environment_hook('launch_pkg_g07', 'ament_prefix_path')
[0.716s] INFO:colcon.colcon_core.plugin_system:Skipping extension 'colcon_core.shell.bat': Not used on non-Windows systems
[0.716s] INFO:colcon.colcon_core.shell:Creating environment hook '/home/diego/ros2_ws/install/launch_pkg_g07/share/launch_pkg_g07/hook/ament_prefix_path.ps1'
[0.717s] INFO:colcon.colcon_core.shell:Creating environment descriptor '/home/diego/ros2_ws/install/launch_pkg_g07/share/launch_pkg_g07/hook/ament_prefix_path.dsv'
[0.718s] INFO:colcon.colcon_core.shell:Creating environment hook '/home/diego/ros2_ws/install/launch_pkg_g07/share/launch_pkg_g07/hook/ament_prefix_path.sh'
[0.720s] INFO:colcon.colcon_core.shell:Skip shell extension 'powershell' for command environment: Not usable outside of PowerShell
[0.721s] DEBUG:colcon.colcon_core.shell:Skip shell extension 'dsv' for command environment
[0.737s] INFO:colcon.colcon_ros.task.ament_python.build:Building ROS package in '/home/diego/ros2_ws/src/modelrobot_pkg_g07' with build type 'ament_python'
[0.737s] Level 1:colcon.colcon_core.shell:create_environment_hook('modelrobot_pkg_g07', 'ament_prefix_path')
[0.739s] INFO:colcon.colcon_core.shell:Creating environment hook '/home/diego/ros2_ws/install/modelrobot_pkg_g07/share/modelrobot_pkg_g07/hook/ament_prefix_path.ps1'
[0.792s] INFO:colcon.colcon_core.shell:Creating environment descriptor '/home/diego/ros2_ws/install/modelrobot_pkg_g07/share/modelrobot_pkg_g07/hook/ament_prefix_path.dsv'
[0.797s] INFO:colcon.colcon_core.shell:Creating environment hook '/home/diego/ros2_ws/install/modelrobot_pkg_g07/share/modelrobot_pkg_g07/hook/ament_prefix_path.sh'
[0.806s] INFO:colcon.colcon_core.shell:Skip shell extension 'powershell' for command environment: Not usable outside of PowerShell
[0.806s] DEBUG:colcon.colcon_core.shell:Skip shell extension 'dsv' for command environment
[1.238s] INFO:colcon.colcon_core.task.python.build:Building Python package in '/home/diego/ros2_ws/src/launch_pkg_g07'
[1.240s] INFO:colcon.colcon_core.shell:Skip shell extension 'powershell' for command environment: Not usable outside of PowerShell
[1.240s] DEBUG:colcon.colcon_core.shell:Skip shell extension 'dsv' for command environment
[2.006s] INFO:colcon.colcon_core.task.python.build:Building Python package in '/home/diego/ros2_ws/src/modelrobot_pkg_g07'
[2.012s] INFO:colcon.colcon_core.shell:Skip shell extension 'powershell' for command environment: Not usable outside of PowerShell
[2.012s] DEBUG:colcon.colcon_core.shell:Skip shell extension 'dsv' for command environment
[2.979s] DEBUG:colcon.colcon_core.event_handler.log_command:Invoking command in '/home/diego/ros2_ws/build/modelrobot_pkg_g07': PYTHONPATH=/home/diego/ros2_ws/build/modelrobot_pkg_g07/prefix_override:/home/diego/ros2_ws/install/modelrobot_pkg_g07/lib/python3.10/site-packages:${PYTHONPATH} /usr/bin/python3 setup.py develop --editable --build-directory /home/diego/ros2_ws/build/modelrobot_pkg_g07/build --no-deps install_data
[3.063s] DEBUG:colcon.colcon_core.event_handler.log_command:Invoking command in '/home/diego/ros2_ws/build/launch_pkg_g07': PYTHONPATH=/home/diego/ros2_ws/build/launch_pkg_g07/prefix_override:/home/diego/ros2_ws/install/launch_pkg_g07/lib/python3.10/site-packages:${PYTHONPATH} /usr/bin/python3 setup.py develop --editable --build-directory /home/diego/ros2_ws/build/launch_pkg_g07/build --no-deps install_data
[4.435s] Level 1:colcon.colcon_core.shell:create_environment_hook('modelrobot_pkg_g07', 'pythonpath_develop')
[4.436s] INFO:colcon.colcon_core.shell:Creating environment hook '/home/diego/ros2_ws/build/modelrobot_pkg_g07/share/modelrobot_pkg_g07/hook/pythonpath_develop.ps1'
[4.452s] INFO:colcon.colcon_core.shell:Creating environment descriptor '/home/diego/ros2_ws/build/modelrobot_pkg_g07/share/modelrobot_pkg_g07/hook/pythonpath_develop.dsv'
[4.453s] DEBUG:colcon.colcon_core.event_handler.log_command:Invoked command in '/home/diego/ros2_ws/build/modelrobot_pkg_g07' returned '0': PYTHONPATH=/home/diego/ros2_ws/build/modelrobot_pkg_g07/prefix_override:/home/diego/ros2_ws/install/modelrobot_pkg_g07/lib/python3.10/site-packages:${PYTHONPATH} /usr/bin/python3 setup.py develop --editable --build-directory /home/diego/ros2_ws/build/modelrobot_pkg_g07/build --no-deps install_data
[4.453s] INFO:colcon.colcon_core.shell:Creating environment hook '/home/diego/ros2_ws/build/modelrobot_pkg_g07/share/modelrobot_pkg_g07/hook/pythonpath_develop.sh'
[4.500s] Level 1:colcon.colcon_core.environment:checking '/home/diego/ros2_ws/install/modelrobot_pkg_g07' for CMake module files
[4.502s] Level 1:colcon.colcon_core.environment:checking '/home/diego/ros2_ws/install/modelrobot_pkg_g07' for CMake config files
[4.503s] Level 1:colcon.colcon_core.environment:checking '/home/diego/ros2_ws/install/modelrobot_pkg_g07/lib'
[4.503s] Level 1:colcon.colcon_core.environment:checking '/home/diego/ros2_ws/install/modelrobot_pkg_g07/bin'
[4.503s] Level 1:colcon.colcon_core.environment:checking '/home/diego/ros2_ws/install/modelrobot_pkg_g07/lib/pkgconfig/modelrobot_pkg_g07.pc'
[4.503s] Level 1:colcon.colcon_core.environment:checking '/home/diego/ros2_ws/install/modelrobot_pkg_g07/lib/python3.10/site-packages'
[4.503s] Level 1:colcon.colcon_core.shell:create_environment_hook('modelrobot_pkg_g07', 'pythonpath')
[4.506s] INFO:colcon.colcon_core.shell:Creating environment hook '/home/diego/ros2_ws/install/modelrobot_pkg_g07/share/modelrobot_pkg_g07/hook/pythonpath.ps1'
[4.508s] INFO:colcon.colcon_core.shell:Creating environment descriptor '/home/diego/ros2_ws/install/modelrobot_pkg_g07/share/modelrobot_pkg_g07/hook/pythonpath.dsv'
[4.509s] INFO:colcon.colcon_core.shell:Creating environment hook '/home/diego/ros2_ws/install/modelrobot_pkg_g07/share/modelrobot_pkg_g07/hook/pythonpath.sh'
[4.511s] Level 1:colcon.colcon_core.environment:checking '/home/diego/ros2_ws/install/modelrobot_pkg_g07/bin'
[4.512s] Level 1:colcon.colcon_core.environment:create_environment_scripts_only(modelrobot_pkg_g07)
[4.516s] INFO:colcon.colcon_core.shell:Creating package script '/home/diego/ros2_ws/install/modelrobot_pkg_g07/share/modelrobot_pkg_g07/package.ps1'
[4.518s] INFO:colcon.colcon_core.shell:Creating package descriptor '/home/diego/ros2_ws/install/modelrobot_pkg_g07/share/modelrobot_pkg_g07/package.dsv'
[4.532s] INFO:colcon.colcon_core.shell:Creating package script '/home/diego/ros2_ws/install/modelrobot_pkg_g07/share/modelrobot_pkg_g07/package.sh'
[4.536s] INFO:colcon.colcon_core.shell:Creating package script '/home/diego/ros2_ws/install/modelrobot_pkg_g07/share/modelrobot_pkg_g07/package.bash'
[4.544s] INFO:colcon.colcon_core.shell:Creating package script '/home/diego/ros2_ws/install/modelrobot_pkg_g07/share/modelrobot_pkg_g07/package.zsh'
[4.553s] Level 1:colcon.colcon_core.environment:create_file_with_runtime_dependencies(/home/diego/ros2_ws/install/modelrobot_pkg_g07/share/colcon-core/packages/modelrobot_pkg_g07)
[4.592s] Level 1:colcon.colcon_core.shell:create_environment_hook('launch_pkg_g07', 'pythonpath_develop')
[4.594s] INFO:colcon.colcon_core.shell:Creating environment hook '/home/diego/ros2_ws/build/launch_pkg_g07/share/launch_pkg_g07/hook/pythonpath_develop.ps1'
[4.600s] DEBUG:colcon.colcon_core.event_handler.log_command:Invoked command in '/home/diego/ros2_ws/build/launch_pkg_g07' returned '0': PYTHONPATH=/home/diego/ros2_ws/build/launch_pkg_g07/prefix_override:/home/diego/ros2_ws/install/launch_pkg_g07/lib/python3.10/site-packages:${PYTHONPATH} /usr/bin/python3 setup.py develop --editable --build-directory /home/diego/ros2_ws/build/launch_pkg_g07/build --no-deps install_data
[4.602s] INFO:colcon.colcon_core.shell:Creating environment descriptor '/home/diego/ros2_ws/build/launch_pkg_g07/share/launch_pkg_g07/hook/pythonpath_develop.dsv'
[4.604s] INFO:colcon.colcon_core.shell:Creating environment hook '/home/diego/ros2_ws/build/launch_pkg_g07/share/launch_pkg_g07/hook/pythonpath_develop.sh'
[4.608s] Level 1:colcon.colcon_core.environment:checking '/home/diego/ros2_ws/install/launch_pkg_g07' for CMake module files
[4.609s] Level 1:colcon.colcon_core.environment:checking '/home/diego/ros2_ws/install/launch_pkg_g07' for CMake config files
[4.609s] Level 1:colcon.colcon_core.environment:checking '/home/diego/ros2_ws/install/launch_pkg_g07/lib'
[4.609s] Level 1:colcon.colcon_core.environment:checking '/home/diego/ros2_ws/install/launch_pkg_g07/bin'
[4.610s] Level 1:colcon.colcon_core.environment:checking '/home/diego/ros2_ws/install/launch_pkg_g07/lib/pkgconfig/launch_pkg_g07.pc'
[4.610s] Level 1:colcon.colcon_core.environment:checking '/home/diego/ros2_ws/install/launch_pkg_g07/lib/python3.10/site-packages'
[4.610s] Level 1:colcon.colcon_core.shell:create_environment_hook('launch_pkg_g07', 'pythonpath')
[4.612s] INFO:colcon.colcon_core.shell:Creating environment hook '/home/diego/ros2_ws/install/launch_pkg_g07/share/launch_pkg_g07/hook/pythonpath.ps1'
[4.618s] INFO:colcon.colcon_core.shell:Creating environment descriptor '/home/diego/ros2_ws/install/launch_pkg_g07/share/launch_pkg_g07/hook/pythonpath.dsv'
[4.640s] INFO:colcon.colcon_core.shell:Creating environment hook '/home/diego/ros2_ws/install/launch_pkg_g07/share/launch_pkg_g07/hook/pythonpath.sh'
[4.665s] Level 1:colcon.colcon_core.environment:checking '/home/diego/ros2_ws/install/launch_pkg_g07/bin'
[4.665s] Level 1:colcon.colcon_core.environment:create_environment_scripts_only(launch_pkg_g07)
[4.669s] INFO:colcon.colcon_core.shell:Creating package script '/home/diego/ros2_ws/install/launch_pkg_g07/share/launch_pkg_g07/package.ps1'
[4.683s] INFO:colcon.colcon_core.shell:Creating package descriptor '/home/diego/ros2_ws/install/launch_pkg_g07/share/launch_pkg_g07/package.dsv'
[4.685s] INFO:colcon.colcon_core.shell:Creating package script '/home/diego/ros2_ws/install/launch_pkg_g07/share/launch_pkg_g07/package.sh'
[4.688s] INFO:colcon.colcon_core.shell:Creating package script '/home/diego/ros2_ws/install/launch_pkg_g07/share/launch_pkg_g07/package.bash'
[4.690s] INFO:colcon.colcon_core.shell:Creating package script '/home/diego/ros2_ws/install/launch_pkg_g07/share/launch_pkg_g07/package.zsh'
[4.693s] Level 1:colcon.colcon_core.environment:create_file_with_runtime_dependencies(/home/diego/ros2_ws/install/launch_pkg_g07/share/colcon-core/packages/launch_pkg_g07)
[4.704s] DEBUG:colcon.colcon_parallel_executor.executor.parallel:closing loop
[4.706s] DEBUG:colcon.colcon_parallel_executor.executor.parallel:loop closed
[4.710s] DEBUG:colcon.colcon_parallel_executor.executor.parallel:run_until_complete finished with '0'
[4.711s] DEBUG:colcon.colcon_core.event_reactor:joining thread
[4.719s] INFO:colcon.colcon_core.plugin_system:Skipping extension 'colcon_notification.desktop_notification.terminal_notifier': Not used on non-Darwin systems
[4.719s] INFO:colcon.colcon_core.plugin_system:Skipping extension 'colcon_notification.desktop_notification.win32': Not used on non-Windows systems
[4.720s] INFO:colcon.colcon_notification.desktop_notification:Sending desktop notification using 'notify2'
[4.872s] DEBUG:colcon.colcon_core.event_reactor:joined thread
[4.888s] INFO:colcon.colcon_core.shell:Creating prefix script '/home/diego/ros2_ws/install/local_setup.ps1'
[4.891s] INFO:colcon.colcon_core.shell:Creating prefix util module '/home/diego/ros2_ws/install/_local_setup_util_ps1.py'
[4.894s] INFO:colcon.colcon_core.shell:Creating prefix chain script '/home/diego/ros2_ws/install/setup.ps1'
[4.917s] INFO:colcon.colcon_core.shell:Creating prefix script '/home/diego/ros2_ws/install/local_setup.sh'
[4.920s] INFO:colcon.colcon_core.shell:Creating prefix util module '/home/diego/ros2_ws/install/_local_setup_util_sh.py'
[4.921s] INFO:colcon.colcon_core.shell:Creating prefix chain script '/home/diego/ros2_ws/install/setup.sh'
[4.929s] INFO:colcon.colcon_core.shell:Creating prefix script '/home/diego/ros2_ws/install/local_setup.bash'
[4.933s] INFO:colcon.colcon_core.shell:Creating prefix chain script '/home/diego/ros2_ws/install/setup.bash'
[4.941s] INFO:colcon.colcon_core.shell:Creating prefix script '/home/diego/ros2_ws/install/local_setup.zsh'
[4.956s] INFO:colcon.colcon_core.shell:Creating prefix chain script '/home/diego/ros2_ws/install/setup.zsh'
