[2.348s] Invoking command in '/home/diego/ros2_ws/build/launch_pkg_g07': PYTHONPATH=/home/diego/ros2_ws/build/launch_pkg_g07/prefix_override:/home/diego/ros2_ws/install/launch_pkg_g07/lib/python3.10/site-packages:${PYTHONPATH} /usr/bin/python3 setup.py develop --editable --build-directory /home/diego/ros2_ws/build/launch_pkg_g07/build --no-deps install_data
[2.863s] running develop
[2.885s] /usr/lib/python3/dist-packages/setuptools/command/easy_install.py:158: EasyInstallDeprecationWarning: easy_install command is deprecated. Use build and pip and other standards-based tools.
[2.885s]   warnings.warn(
[2.912s] /usr/lib/python3/dist-packages/setuptools/command/install.py:34: SetuptoolsDeprecationWarning: setup.py install is deprecated. Use build and pip and other standards-based tools.
[2.913s]   warnings.warn(
[3.349s] running egg_info
[3.349s] writing launch_pkg_g07.egg-info/PKG-INFO
[3.351s] writing dependency_links to launch_pkg_g07.egg-info/dependency_links.txt
[3.352s] writing entry points to launch_pkg_g07.egg-info/entry_points.txt
[3.354s] writing requirements to launch_pkg_g07.egg-info/requires.txt
[3.355s] writing top-level names to launch_pkg_g07.egg-info/top_level.txt
[3.375s] reading manifest file 'launch_pkg_g07.egg-info/SOURCES.txt'
[3.375s] writing manifest file 'launch_pkg_g07.egg-info/SOURCES.txt'
[3.382s] running build_ext
[3.382s] Creating /home/diego/ros2_ws/install/launch_pkg_g07/lib/python3.10/site-packages/launch-pkg-g07.egg-link (link to .)
[3.382s] 
[3.382s] Installed /home/diego/ros2_ws/build/launch_pkg_g07
[3.382s] running install_data
[3.591s] Invoked command in '/home/diego/ros2_ws/build/launch_pkg_g07' returned '0': PYTHONPATH=/home/diego/ros2_ws/build/launch_pkg_g07/prefix_override:/home/diego/ros2_ws/install/launch_pkg_g07/lib/python3.10/site-packages:${PYTHONPATH} /usr/bin/python3 setup.py develop --editable --build-directory /home/diego/ros2_ws/build/launch_pkg_g07/build --no-deps install_data
